TN:
SF:src/api/anthropic.ts
FN:12,(anonymous_0)
FNF:1
FNH:0
FNDA:0,(anonymous_0)
DA:12,0
DA:13,0
DA:14,0
DA:15,0
DA:17,0
LF:5
LH:0
BRDA:14,0,0,0
BRDA:14,0,1,0
BRF:2
BRH:0
end_of_record
TN:
SF:src/api/chat-service.ts
FN:17,(anonymous_0)
FN:27,(anonymous_1)
FN:36,(anonymous_2)
FN:62,(anonymous_3)
FN:72,(anonymous_4)
FN:103,(anonymous_5)
FN:113,(anonymous_6)
FN:144,(anonymous_7)
FNF:8
FNH:0
FNDA:0,(anonymous_0)
FNDA:0,(anonymous_1)
FNDA:0,(anonymous_2)
FNDA:0,(anonymous_3)
FNDA:0,(anonymous_4)
FNDA:0,(anonymous_5)
FNDA:0,(anonymous_6)
FNDA:0,(anonymous_7)
DA:17,0
DA:21,0
DA:22,0
DA:23,0
DA:25,0
DA:27,0
DA:36,0
DA:37,0
DA:38,0
DA:40,0
DA:43,0
DA:52,0
DA:53,0
DA:62,0
DA:63,0
DA:72,0
DA:73,0
DA:74,0
DA:75,0
DA:77,0
DA:84,0
DA:93,0
DA:94,0
DA:103,0
DA:104,0
DA:113,0
DA:114,0
DA:115,0
DA:116,0
DA:118,0
DA:125,0
DA:134,0
DA:135,0
DA:144,0
DA:145,0
LF:35
LH:0
BRDA:26,0,0,0
BRDA:26,0,1,0
BRDA:28,1,0,0
BRDA:28,1,1,0
BRDA:31,2,0,0
BRDA:31,2,1,0
BRDA:32,3,0,0
BRDA:32,3,1,0
BRDA:37,4,0,0
BRDA:37,4,1,0
BRDA:46,5,0,0
BRDA:46,5,1,0
BRDA:47,6,0,0
BRDA:47,6,1,0
BRDA:48,7,0,0
BRDA:48,7,1,0
BRDA:48,8,0,0
BRDA:48,8,1,0
BRDA:78,9,0,0
BRDA:78,9,1,0
BRDA:80,10,0,0
BRDA:80,10,1,0
BRDA:81,11,0,0
BRDA:81,11,1,0
BRDA:85,12,0,0
BRDA:85,12,1,0
BRDA:87,13,0,0
BRDA:87,13,1,0
BRDA:88,14,0,0
BRDA:88,14,1,0
BRDA:89,15,0,0
BRDA:89,15,1,0
BRDA:119,16,0,0
BRDA:119,16,1,0
BRDA:121,17,0,0
BRDA:121,17,1,0
BRDA:122,18,0,0
BRDA:122,18,1,0
BRDA:126,19,0,0
BRDA:126,19,1,0
BRDA:128,20,0,0
BRDA:128,20,1,0
BRDA:129,21,0,0
BRDA:129,21,1,0
BRDA:130,22,0,0
BRDA:130,22,1,0
BRF:46
BRH:0
end_of_record
TN:
SF:src/api/grok.ts
FN:13,(anonymous_0)
FNF:1
FNH:0
FNDA:0,(anonymous_0)
DA:13,0
DA:14,0
DA:15,0
DA:16,0
DA:18,0
LF:5
LH:0
BRDA:15,0,0,0
BRDA:15,0,1,0
BRF:2
BRH:0
end_of_record
TN:
SF:src/api/image-generation.ts
FN:19,generateImage
FN:74,convertAspectRatioToSize
FNF:2
FNH:0
FNDA:0,generateImage
FNDA:0,convertAspectRatioToSize
DA:10,0
DA:11,0
DA:28,0
DA:30,0
DA:39,0
DA:47,0
DA:48,0
DA:49,0
DA:50,0
DA:53,0
DA:54,0
DA:57,0
DA:58,0
DA:60,0
DA:61,0
DA:64,0
DA:65,0
DA:75,0
DA:77,0
DA:79,0
DA:81,0
DA:83,0
LF:22
LH:0
BRDA:47,0,0,0
BRDA:47,0,1,0
BRDA:57,1,0,0
BRDA:57,1,1,0
BRDA:57,2,0,0
BRDA:57,2,1,0
BRDA:75,3,0,0
BRDA:75,3,1,0
BRDA:75,3,2,0
BRDA:75,3,3,0
BRF:10
BRH:0
end_of_record
TN:
SF:src/api/openai.ts
FN:12,(anonymous_0)
FNF:1
FNH:0
FNDA:0,(anonymous_0)
DA:12,0
DA:13,0
DA:14,0
DA:15,0
DA:17,0
LF:5
LH:0
BRDA:14,0,0,0
BRDA:14,0,1,0
BRF:2
BRH:0
end_of_record
TN:
SF:src/api/transcribe-audio.ts
FN:12,(anonymous_0)
FNF:1
FNH:0
FNDA:0,(anonymous_0)
DA:12,0
DA:13,0
DA:15,0
DA:16,0
DA:21,0
DA:22,0
DA:24,0
DA:25,0
DA:26,0
DA:30,0
DA:38,0
DA:39,0
DA:40,0
DA:43,0
DA:44,0
DA:46,0
DA:47,0
LF:17
LH:0
BRDA:25,0,0,0
BRDA:25,0,1,0
BRDA:38,1,0,0
BRDA:38,1,1,0
BRF:4
BRH:0
end_of_record
TN:
SF:src/components/CelestialBackground.tsx
FN:5,(anonymous_0)
FNF:1
FNH:0
FNDA:0,(anonymous_0)
DA:5,0
DA:6,0
DA:16,0
LF:3
LH:0
BRF:0
BRH:0
end_of_record
TN:
SF:src/components/ConstellationOverlay.tsx
FN:8,(anonymous_0)
FN:15,(anonymous_1)
FN:17,(anonymous_2)
FN:32,(anonymous_3)
FNF:4
FNH:0
FNDA:0,(anonymous_0)
FNDA:0,(anonymous_1)
FNDA:0,(anonymous_2)
FNDA:0,(anonymous_3)
DA:6,0
DA:8,0
DA:9,0
DA:10,0
DA:12,0
DA:16,0
DA:17,0
DA:18,0
DA:19,0
DA:20,0
DA:23,0
DA:24,0
DA:25,0
DA:26,0
DA:28,0
DA:33,0
LF:16
LH:0
BRDA:10,0,0,0
BRDA:10,0,1,0
BRF:2
BRH:0
end_of_record
TN:
SF:src/components/InvitationButton.tsx
FN:19,(anonymous_0)
FN:34,(anonymous_1)
FN:58,(anonymous_2)
FN:81,(anonymous_3)
FN:99,(anonymous_4)
FN:109,(anonymous_5)
FN:120,(anonymous_6)
FN:136,(anonymous_7)
FN:170,(anonymous_8)
FN:180,(anonymous_9)
FN:188,(anonymous_10)
FNF:11
FNH:0
FNDA:0,(anonymous_0)
FNDA:0,(anonymous_1)
FNDA:0,(anonymous_2)
FNDA:0,(anonymous_3)
FNDA:0,(anonymous_4)
FNDA:0,(anonymous_5)
FNDA:0,(anonymous_6)
FNDA:0,(anonymous_7)
FNDA:0,(anonymous_8)
FNDA:0,(anonymous_9)
FNDA:0,(anonymous_10)
DA:19,0
DA:26,0
DA:27,0
DA:28,0
DA:30,0
DA:31,0
DA:32,0
DA:34,0
DA:35,0
DA:36,0
DA:37,0
DA:40,0
DA:41,0
DA:42,0
DA:45,0
DA:46,0
DA:51,0
DA:54,0
DA:55,0
DA:58,0
DA:59,0
DA:60,0
DA:63,0
DA:64,0
DA:67,0
DA:68,0
DA:71,0
DA:73,0
DA:75,0
DA:77,0
DA:81,0
DA:82,0
DA:84,0
DA:90,0
DA:96,0
DA:99,0
DA:100,0
DA:106,0
DA:109,0
DA:110,0
DA:112,0
DA:114,0
DA:116,0
DA:120,0
DA:121,0
DA:122,0
DA:125,0
DA:126,0
DA:129,0
DA:130,0
DA:133,0
DA:136,0
DA:137,0
DA:138,0
DA:141,0
DA:144,0
DA:170,0
DA:171,0
DA:180,0
DA:181,0
DA:188,0
DA:189,0
DA:190,0
DA:192,0
DA:193,0
DA:203,0
DA:204,0
DA:214,0
DA:215,0
DA:225,0
LF:70
LH:0
BRDA:20,0,0,0
BRDA:21,1,0,0
BRDA:22,2,0,0
BRDA:23,3,0,0
BRDA:30,4,0,0
BRDA:30,4,1,0
BRDA:35,5,0,0
BRDA:35,5,1,0
BRDA:40,6,0,0
BRDA:40,6,1,0
BRDA:45,7,0,0
BRDA:45,7,1,0
BRDA:59,8,0,0
BRDA:59,8,1,0
BRDA:63,9,0,0
BRDA:63,9,1,0
BRDA:67,10,0,0
BRDA:67,10,1,0
BRDA:67,11,0,0
BRDA:67,11,1,0
BRDA:71,12,0,0
BRDA:71,12,1,0
BRDA:71,12,2,0
BRDA:91,13,0,0
BRDA:91,13,1,0
BRDA:110,14,0,0
BRDA:110,14,1,0
BRDA:110,14,2,0
BRDA:121,15,0,0
BRDA:121,15,1,0
BRDA:125,16,0,0
BRDA:125,16,1,0
BRDA:129,17,0,0
BRDA:129,17,1,0
BRDA:129,18,0,0
BRDA:129,18,1,0
BRDA:137,19,0,0
BRDA:137,19,1,0
BRDA:141,20,0,0
BRDA:141,20,1,0
BRDA:147,21,0,0
BRDA:147,21,1,0
BRDA:150,22,0,0
BRDA:150,22,1,0
BRDA:150,23,0,0
BRDA:150,23,1,0
BRDA:151,24,0,0
BRDA:151,24,1,0
BRDA:151,25,0,0
BRDA:151,25,1,0
BRDA:154,26,0,0
BRDA:154,26,1,0
BRDA:192,27,0,0
BRDA:192,27,1,0
BRDA:203,28,0,0
BRDA:203,28,1,0
BRDA:203,29,0,0
BRDA:203,29,1,0
BRDA:214,30,0,0
BRDA:214,30,1,0
BRF:60
BRH:0
end_of_record
TN:
SF:src/components/TwintuitionAlert.tsx
FN:25,(anonymous_0)
FN:36,(anonymous_1)
FN:75,(anonymous_2)
FN:92,(anonymous_3)
FN:97,(anonymous_4)
FN:113,(anonymous_5)
FN:126,(anonymous_6)
FNF:7
FNH:0
FNDA:0,(anonymous_0)
FNDA:0,(anonymous_1)
FNDA:0,(anonymous_2)
FNDA:0,(anonymous_3)
FNDA:0,(anonymous_4)
FNDA:0,(anonymous_5)
FNDA:0,(anonymous_6)
DA:23,0
DA:25,0
DA:31,0
DA:32,0
DA:33,0
DA:34,0
DA:36,0
DA:37,0
DA:39,0
DA:68,0
DA:69,0
DA:70,0
DA:71,0
DA:75,0
DA:76,0
DA:77,0
DA:81,0
DA:93,0
DA:97,0
DA:98,0
DA:99,0
DA:101,0
DA:102,0
DA:105,0
DA:106,0
DA:109,0
DA:110,0
DA:111,0
DA:113,0
DA:114,0
DA:116,0
DA:118,0
DA:120,0
DA:122,0
DA:126,0
DA:127,0
DA:129,0
DA:131,0
DA:133,0
DA:135,0
DA:139,0
DA:247,0
LF:42
LH:0
BRDA:37,0,0,0
BRDA:37,0,1,0
BRDA:37,1,0,0
BRDA:37,1,1,0
BRDA:76,2,0,0
BRDA:76,2,1,0
BRDA:98,3,0,0
BRDA:98,3,1,0
BRDA:105,4,0,0
BRDA:105,4,1,0
BRDA:105,5,0,0
BRDA:105,5,1,0
BRDA:109,6,0,0
BRDA:109,6,1,0
BRDA:114,7,0,0
BRDA:114,7,1,0
BRDA:114,7,2,0
BRDA:114,7,3,0
BRDA:127,8,0,0
BRDA:127,8,1,0
BRDA:127,8,2,0
BRDA:127,8,3,0
BRF:22
BRH:0
end_of_record
TN:
SF:src/components/TwintuitionSettingsCard.tsx
FN:20,(anonymous_0)
FN:40,(anonymous_1)
FN:50,(anonymous_2)
FN:54,(anonymous_3)
FN:58,(anonymous_4)
FN:64,(anonymous_5)
FN:72,(anonymous_6)
FN:81,(anonymous_7)
FN:90,(anonymous_8)
FN:106,(anonymous_9)
FN:116,(anonymous_10)
FN:125,(anonymous_11)
FN:150,(anonymous_12)
FN:243,(anonymous_13)
FN:261,(anonymous_14)
FNF:15
FNH:0
FNDA:0,(anonymous_0)
FNDA:0,(anonymous_1)
FNDA:0,(anonymous_2)
FNDA:0,(anonymous_3)
FNDA:0,(anonymous_4)
FNDA:0,(anonymous_5)
FNDA:0,(anonymous_6)
FNDA:0,(anonymous_7)
FNDA:0,(anonymous_8)
FNDA:0,(anonymous_9)
FNDA:0,(anonymous_10)
FNDA:0,(anonymous_11)
FNDA:0,(anonymous_12)
FNDA:0,(anonymous_13)
FNDA:0,(anonymous_14)
DA:20,0
DA:23,0
DA:24,0
DA:31,0
DA:33,0
DA:34,0
DA:36,0
DA:37,0
DA:38,0
DA:40,0
DA:41,0
DA:42,0
DA:43,0
DA:45,0
DA:47,0
DA:50,0
DA:51,0
DA:54,0
DA:55,0
DA:58,0
DA:59,0
DA:60,0
DA:61,0
DA:64,0
DA:65,0
DA:66,0
DA:67,0
DA:68,0
DA:69,0
DA:72,0
DA:73,0
DA:79,0
DA:82,0
DA:90,0
DA:106,0
DA:107,0
DA:114,0
DA:117,0
DA:125,0
DA:141,0
DA:150,0
DA:245,0
DA:262,0
DA:285,0
LF:44
LH:0
BRDA:36,0,0,0
BRDA:36,0,1,0
BRDA:43,1,0,0
BRDA:43,1,1,0
BRDA:43,2,0,0
BRDA:43,2,1,0
BRDA:65,3,0,0
BRDA:65,3,1,0
BRDA:66,4,0,0
BRDA:66,4,1,0
BRDA:67,5,0,0
BRDA:67,5,1,0
BRDA:68,6,0,0
BRDA:68,6,1,0
BRDA:86,7,0,0
BRDA:86,7,1,0
BRDA:95,8,0,0
BRDA:95,8,1,0
BRDA:121,9,0,0
BRDA:121,9,1,0
BRDA:130,10,0,0
BRDA:130,10,1,0
BRDA:162,11,0,0
BRDA:162,11,1,0
BRDA:167,12,0,0
BRDA:167,12,1,0
BRDA:179,13,0,0
BRDA:179,13,1,0
BRDA:186,14,0,0
BRDA:186,14,1,0
BRDA:229,15,0,0
BRDA:229,15,1,0
BRDA:248,16,0,0
BRDA:248,16,1,0
BRDA:265,17,0,0
BRDA:265,17,1,0
BRF:36
BRH:0
end_of_record
TN:
SF:src/components/admin/TelemetryDashboard.tsx
FN:31,(anonymous_0)
FN:58,(anonymous_1)
FN:62,(anonymous_2)
FN:101,(anonymous_3)
FN:107,(anonymous_4)
FN:120,(anonymous_5)
FN:130,(anonymous_6)
FN:181,(anonymous_7)
FN:233,(anonymous_8)
FN:243,(anonymous_9)
FN:249,(anonymous_10)
FN:264,(anonymous_11)
FN:276,(anonymous_12)
FN:289,(anonymous_13)
FN:295,(anonymous_14)
FN:333,(anonymous_15)
FN:376,(anonymous_16)
FN:377,(anonymous_17)
FN:407,(anonymous_18)
FN:424,(anonymous_19)
FN:437,(anonymous_20)
FN:459,(anonymous_21)
FN:485,(anonymous_22)
FNF:23
FNH:0
FNDA:0,(anonymous_0)
FNDA:0,(anonymous_1)
FNDA:0,(anonymous_2)
FNDA:0,(anonymous_3)
FNDA:0,(anonymous_4)
FNDA:0,(anonymous_5)
FNDA:0,(anonymous_6)
FNDA:0,(anonymous_7)
FNDA:0,(anonymous_8)
FNDA:0,(anonymous_9)
FNDA:0,(anonymous_10)
FNDA:0,(anonymous_11)
FNDA:0,(anonymous_12)
FNDA:0,(anonymous_13)
FNDA:0,(anonymous_14)
FNDA:0,(anonymous_15)
FNDA:0,(anonymous_16)
FNDA:0,(anonymous_17)
FNDA:0,(anonymous_18)
FNDA:0,(anonymous_19)
FNDA:0,(anonymous_20)
FNDA:0,(anonymous_21)
FNDA:0,(anonymous_22)
DA:22,0
DA:23,0
DA:31,0
DA:47,0
DA:49,0
DA:50,0
DA:52,0
DA:53,0
DA:54,0
DA:55,0
DA:58,0
DA:59,0
DA:62,0
DA:63,0
DA:65,0
DA:66,0
DA:68,0
DA:69,0
DA:71,0
DA:73,0
DA:74,0
DA:76,0
DA:77,0
DA:79,0
DA:80,0
DA:82,0
DA:83,0
DA:87,0
DA:92,0
DA:94,0
DA:95,0
DA:97,0
DA:101,0
DA:102,0
DA:103,0
DA:104,0
DA:107,0
DA:108,0
DA:109,0
DA:112,0
DA:113,0
DA:122,0
DA:130,0
DA:131,0
DA:138,0
DA:181,0
DA:182,0
DA:184,0
DA:186,0
DA:233,0
DA:234,0
DA:241,0
DA:244,0
DA:249,0
DA:264,0
DA:265,0
DA:266,0
DA:276,0
DA:284,0
DA:290,0
DA:295,0
DA:333,0
DA:334,0
DA:336,0
DA:337,0
DA:344,0
DA:376,0
DA:377,0
DA:379,0
DA:380,0
DA:391,0
DA:408,0
DA:424,0
DA:437,0
DA:438,0
DA:440,0
DA:442,0
DA:460,0
DA:485,0
DA:486,0
DA:488,0
DA:508,0
DA:509,0
DA:535,0
LF:84
LH:0
BRDA:32,0,0,0
BRDA:63,1,0,0
BRDA:63,1,1,0
BRDA:63,2,0,0
BRDA:63,2,1,0
BRDA:71,3,0,0
BRDA:71,3,1,0
BRDA:71,3,2,0
BRDA:71,3,3,0
BRDA:108,4,0,0
BRDA:108,4,1,0
BRDA:172,5,0,0
BRDA:172,5,1,0
BRDA:182,6,0,0
BRDA:182,6,1,0
BRDA:247,7,0,0
BRDA:247,7,1,0
BRDA:253,8,0,0
BRDA:253,8,1,0
BRDA:265,9,0,0
BRDA:265,9,1,0
BRDA:278,10,0,0
BRDA:278,10,1,0
BRDA:279,11,0,0
BRDA:279,11,1,0
BRDA:280,12,0,0
BRDA:280,12,1,0
BRDA:293,13,0,0
BRDA:293,13,1,0
BRDA:299,14,0,0
BRDA:299,14,1,0
BRDA:334,15,0,0
BRDA:334,15,1,0
BRDA:379,16,0,0
BRDA:379,16,1,0
BRDA:397,17,0,0
BRDA:397,17,1,0
BRDA:397,17,2,0
BRDA:422,18,0,0
BRDA:422,18,1,0
BRDA:440,19,0,0
BRDA:440,19,1,0
BRDA:471,20,0,0
BRDA:471,20,1,0
BRDA:486,21,0,0
BRDA:486,21,1,0
BRDA:508,22,0,0
BRDA:508,22,1,0
BRDA:508,23,0,0
BRDA:508,23,1,0
BRDA:508,23,2,0
BRDA:516,24,0,0
BRDA:516,24,1,0
BRDA:522,25,0,0
BRDA:522,25,1,0
BRF:55
BRH:0
end_of_record
TN:
SF:src/components/assessment/CategoryChart.tsx
FN:50,(anonymous_0)
FN:54,(anonymous_1)
FN:63,(anonymous_2)
FN:117,(anonymous_3)
FN:119,(anonymous_4)
FN:120,(anonymous_5)
FN:123,(anonymous_6)
FNF:7
FNH:0
FNDA:0,(anonymous_0)
FNDA:0,(anonymous_1)
FNDA:0,(anonymous_2)
FNDA:0,(anonymous_3)
FNDA:0,(anonymous_4)
FNDA:0,(anonymous_5)
FNDA:0,(anonymous_6)
DA:17,0
DA:50,0
DA:54,0
DA:55,0
DA:56,0
DA:57,0
DA:58,0
DA:61,0
DA:64,0
DA:65,0
DA:67,0
DA:118,0
DA:119,0
DA:120,0
DA:121,0
DA:123,0
DA:124,0
DA:127,0
LF:18
LH:0
BRDA:55,0,0,0
BRDA:55,0,1,0
BRDA:56,1,0,0
BRDA:56,1,1,0
BRDA:57,2,0,0
BRDA:57,2,1,0
BRDA:121,3,0,0
BRDA:121,3,1,0
BRDA:124,4,0,0
BRDA:124,4,1,0
BRF:10
BRH:0
end_of_record
TN:
SF:src/components/assessment/CircularProgress.tsx
FN:22,(anonymous_0)
FN:35,(anonymous_1)
FN:42,(anonymous_2)
FNF:3
FNH:0
FNDA:0,(anonymous_0)
FNDA:0,(anonymous_1)
FNDA:0,(anonymous_2)
DA:11,0
DA:22,0
DA:30,0
DA:32,0
DA:33,0
DA:35,0
DA:36,0
DA:42,0
DA:43,0
DA:44,0
DA:49,0
LF:11
LH:0
BRDA:26,0,0,0
BRDA:27,1,0,0
BRDA:28,2,0,0
BRDA:78,3,0,0
BRDA:78,3,1,0
BRF:5
BRH:0
end_of_record
TN:
SF:src/components/assessment/ComparisonChart.tsx
FN:59,(anonymous_0)
FN:68,(anonymous_1)
FN:74,(anonymous_2)
FN:83,(anonymous_3)
FN:84,(anonymous_4)
FNF:5
FNH:0
FNDA:0,(anonymous_0)
FNDA:0,(anonymous_1)
FNDA:0,(anonymous_2)
FNDA:0,(anonymous_3)
FNDA:0,(anonymous_4)
DA:31,0
DA:59,0
DA:66,0
DA:68,0
DA:72,0
DA:75,0
DA:76,0
DA:77,0
DA:78,0
DA:80,0
DA:84,0
DA:85,0
DA:87,0
LF:13
LH:0
BRDA:90,0,0,0
BRDA:90,0,1,0
BRDA:92,1,0,0
BRDA:92,1,1,0
BRDA:108,2,0,0
BRDA:108,2,1,0
BRDA:113,3,0,0
BRDA:113,3,1,0
BRF:8
BRH:0
end_of_record
TN:
SF:src/components/assessment/CompatibilityMeter.tsx
FN:20,(anonymous_0)
FN:29,(anonymous_1)
FN:41,(anonymous_2)
FN:46,(anonymous_3)
FNF:4
FNH:0
FNDA:0,(anonymous_0)
FNDA:0,(anonymous_1)
FNDA:0,(anonymous_2)
FNDA:0,(anonymous_3)
DA:20,0
DA:21,0
DA:22,0
DA:23,0
DA:24,0
DA:25,0
DA:26,0
DA:29,0
DA:36,0
DA:38,0
DA:39,0
DA:41,0
DA:42,0
DA:43,0
DA:46,0
DA:51,0
LF:16
LH:0
BRDA:21,0,0,0
BRDA:21,0,1,0
BRDA:22,1,0,0
BRDA:22,1,1,0
BRDA:23,2,0,0
BRDA:23,2,1,0
BRDA:24,3,0,0
BRDA:24,3,1,0
BRDA:25,4,0,0
BRDA:25,4,1,0
BRDA:32,5,0,0
BRDA:33,6,0,0
BRDA:34,7,0,0
BRDA:58,8,0,0
BRDA:58,8,1,0
BRDA:62,9,0,0
BRDA:62,9,1,0
BRDA:73,10,0,0
BRDA:73,10,1,0
BRF:19
BRH:0
end_of_record
TN:
SF:src/components/assessment/DifferenceIndicator.tsx
FN:12,(anonymous_0)
FN:18,(anonymous_1)
FN:43,(anonymous_2)
FNF:3
FNH:0
FNDA:0,(anonymous_0)
FNDA:0,(anonymous_1)
FNDA:0,(anonymous_2)
DA:12,0
DA:18,0
DA:19,0
DA:21,0
DA:27,0
DA:33,0
DA:41,0
DA:43,0
DA:44,0
DA:45,0
DA:52,0
DA:53,0
DA:60,0
DA:61,0
DA:68,0
DA:69,0
DA:77,0
DA:87,0
DA:88,0
DA:90,0
LF:20
LH:0
BRDA:15,0,0,0
BRDA:16,1,0,0
BRDA:19,2,0,0
BRDA:19,2,1,0
BRDA:19,2,2,0
BRDA:44,3,0,0
BRDA:44,3,1,0
BRDA:52,4,0,0
BRDA:52,4,1,0
BRDA:60,5,0,0
BRDA:60,5,1,0
BRDA:68,6,0,0
BRDA:68,6,1,0
BRDA:100,7,0,0
BRDA:100,7,1,0
BRDA:100,7,2,0
BRF:16
BRH:0
end_of_record
TN:
SF:src/components/assessment/InsightCard.tsx
FN:25,(anonymous_0)
FN:33,(anonymous_1)
FN:48,(anonymous_2)
FNF:3
FNH:0
FNDA:0,(anonymous_0)
FNDA:0,(anonymous_1)
FNDA:0,(anonymous_2)
DA:17,0
DA:25,0
DA:30,0
DA:31,0
DA:33,0
DA:34,0
DA:42,0
DA:48,0
DA:53,0
DA:55,0
LF:10
LH:0
BRF:0
BRH:0
end_of_record
TN:
SF:src/components/assessment/LikertScale.tsx
FN:16,(anonymous_0)
FN:24,(anonymous_1)
FN:28,(anonymous_2)
FN:29,(anonymous_3)
FN:39,(anonymous_4)
FN:46,(anonymous_5)
FNF:6
FNH:0
FNDA:0,(anonymous_0)
FNDA:0,(anonymous_1)
FNDA:0,(anonymous_2)
FNDA:0,(anonymous_3)
FNDA:0,(anonymous_4)
FNDA:0,(anonymous_5)
DA:16,0
DA:22,0
DA:24,0
DA:28,0
DA:29,0
DA:30,0
DA:32,0
DA:35,0
DA:40,0
DA:41,0
DA:43,0
DA:46,0
LF:12
LH:0
BRDA:44,0,0,0
BRDA:44,0,1,0
BRDA:48,1,0,0
BRDA:48,1,1,0
BRDA:50,2,0,0
BRDA:50,2,1,0
BRDA:56,3,0,0
BRDA:56,3,1,0
BRDA:88,4,0,0
BRDA:88,4,1,0
BRF:10
BRH:0
end_of_record
TN:
SF:src/components/assessment/MicroExperimentCard.tsx
FN:40,(anonymous_0)
FN:49,(anonymous_1)
FN:53,(anonymous_2)
FN:57,(anonymous_3)
FN:61,(anonymous_4)
FN:63,(anonymous_5)
FNF:6
FNH:0
FNDA:0,(anonymous_0)
FNDA:0,(anonymous_1)
FNDA:0,(anonymous_2)
FNDA:0,(anonymous_3)
FNDA:0,(anonymous_4)
FNDA:0,(anonymous_5)
DA:26,0
DA:32,0
DA:40,0
DA:46,0
DA:47,0
DA:49,0
DA:50,0
DA:53,0
DA:57,0
DA:61,0
DA:62,0
DA:63,0
DA:64,0
DA:69,0
DA:70,0
DA:72,0
LF:16
LH:0
BRDA:47,0,0,0
BRDA:47,0,1,0
BRDA:50,1,0,0
BRDA:50,1,1,0
BRDA:62,2,0,0
BRDA:62,2,1,0
BRDA:70,3,0,0
BRDA:70,3,1,0
BRDA:77,4,0,0
BRDA:77,4,1,0
BRDA:91,5,0,0
BRDA:91,5,1,0
BRDA:98,6,0,0
BRDA:98,6,1,0
BRDA:108,7,0,0
BRDA:108,7,1,0
BRDA:111,8,0,0
BRDA:111,8,1,0
BRDA:121,9,0,0
BRDA:121,9,1,0
BRDA:125,10,0,0
BRDA:125,10,1,0
BRDA:134,11,0,0
BRDA:134,11,1,0
BRDA:153,12,0,0
BRDA:153,12,1,0
BRF:26
BRH:0
end_of_record
TN:
SF:src/components/assessment/ProcessingAnimation.tsx
FN:17,(anonymous_0)
FN:29,(anonymous_1)
FN:100,(anonymous_2)
FN:105,(anonymous_3)
FN:110,(anonymous_4)
FNF:5
FNH:0
FNDA:0,(anonymous_0)
FNDA:0,(anonymous_1)
FNDA:0,(anonymous_2)
FNDA:0,(anonymous_3)
FNDA:0,(anonymous_4)
DA:17,0
DA:21,0
DA:22,0
DA:23,0
DA:25,0
DA:26,0
DA:27,0
DA:29,0
DA:31,0
DA:40,0
DA:50,0
DA:62,0
DA:75,0
DA:87,0
DA:100,0
DA:105,0
DA:110,0
DA:115,0
LF:18
LH:0
BRDA:19,0,0,0
BRF:1
BRH:0
end_of_record
TN:
SF:src/components/assessment/ProgressBar.tsx
FN:16,(anonymous_0)
FN:24,(anonymous_1)
FN:35,(anonymous_2)
FNF:3
FNH:0
FNDA:0,(anonymous_0)
FNDA:0,(anonymous_1)
FNDA:0,(anonymous_2)
DA:16,0
DA:22,0
DA:24,0
DA:25,0
DA:26,0
DA:31,0
DA:35,0
DA:39,0
LF:8
LH:0
BRDA:19,0,0,0
BRDA:20,1,0,0
BRDA:25,2,0,0
BRDA:25,2,1,0
BRF:4
BRH:0
end_of_record
TN:
SF:src/components/assessment/RecommendationCard.tsx
FN:25,(anonymous_0)
FN:34,(anonymous_1)
FN:46,(anonymous_2)
FN:54,(anonymous_3)
FN:55,(anonymous_4)
FNF:5
FNH:0
FNDA:0,(anonymous_0)
FNDA:0,(anonymous_1)
FNDA:0,(anonymous_2)
FNDA:0,(anonymous_3)
FNDA:0,(anonymous_4)
DA:17,0
DA:25,0
DA:30,0
DA:31,0
DA:32,0
DA:34,0
DA:35,0
DA:40,0
DA:46,0
DA:54,0
DA:55,0
DA:56,0
DA:60,0
DA:62,0
LF:14
LH:0
BRF:0
BRH:0
end_of_record
TN:
SF:src/components/chat/ChatTestValidation.tsx
FN:12,(anonymous_0)
FN:13,(anonymous_1)
FN:19,(anonymous_2)
FN:33,(anonymous_3)
FN:43,(anonymous_4)
FN:99,(anonymous_5)
FNF:6
FNH:0
FNDA:0,(anonymous_0)
FNDA:0,(anonymous_1)
FNDA:0,(anonymous_2)
FNDA:0,(anonymous_3)
FNDA:0,(anonymous_4)
FNDA:0,(anonymous_5)
DA:12,0
DA:13,0
DA:14,0
DA:16,0
DA:17,0
DA:19,0
DA:20,0
DA:22,0
DA:30,0
DA:33,0
DA:34,0
DA:40,0
DA:43,0
DA:44,0
DA:48,0
DA:100,0
LF:16
LH:0
BRDA:16,0,0,0
BRDA:16,0,1,0
BRDA:20,1,0,0
BRDA:20,1,1,0
BRDA:108,2,0,0
BRDA:108,2,1,0
BRF:6
BRH:0
end_of_record
TN:
SF:src/components/chat/ConnectionStatusBar.tsx
FN:12,(anonymous_0)
FN:15,(anonymous_1)
FN:22,(anonymous_2)
FN:59,(anonymous_3)
FNF:4
FNH:0
FNDA:0,(anonymous_0)
FNDA:0,(anonymous_1)
FNDA:0,(anonymous_2)
FNDA:0,(anonymous_3)
DA:12,0
DA:15,0
DA:16,0
DA:17,0
DA:19,0
DA:20,0
DA:22,0
DA:23,0
DA:25,0
DA:40,0
DA:44,0
DA:45,0
DA:51,0
DA:59,0
DA:60,0
DA:62,0
DA:69,0
DA:76,0
DA:84,0
DA:93,0
DA:95,0
DA:97,0
LF:22
LH:0
BRDA:19,0,0,0
BRDA:19,0,1,0
BRDA:23,1,0,0
BRDA:23,1,1,0
BRDA:23,2,0,0
BRDA:23,2,1,0
BRDA:44,3,0,0
BRDA:44,3,1,0
BRDA:60,4,0,0
BRDA:60,4,1,0
BRDA:60,4,2,0
BRDA:60,4,3,0
BRDA:60,4,4,0
BRDA:95,5,0,0
BRDA:95,5,1,0
BRDA:118,6,0,0
BRDA:118,6,1,0
BRF:17
BRH:0
end_of_record
TN:
SF:src/components/chat/MessageBubble.tsx
FN:24,(anonymous_0)
FN:30,(anonymous_1)
FN:41,(anonymous_2)
FN:53,(anonymous_3)
FN:68,(anonymous_4)
FN:74,(anonymous_5)
FN:82,(anonymous_6)
FN:83,(anonymous_7)
FN:86,(anonymous_8)
FN:87,(anonymous_9)
FN:90,(anonymous_10)
FN:152,(anonymous_11)
FN:158,(anonymous_12)
FN:189,(anonymous_13)
FN:192,(anonymous_14)
FN:199,(anonymous_15)
FNF:16
FNH:0
FNDA:0,(anonymous_0)
FNDA:0,(anonymous_1)
FNDA:0,(anonymous_2)
FNDA:0,(anonymous_3)
FNDA:0,(anonymous_4)
FNDA:0,(anonymous_5)
FNDA:0,(anonymous_6)
FNDA:0,(anonymous_7)
FNDA:0,(anonymous_8)
FNDA:0,(anonymous_9)
FNDA:0,(anonymous_10)
FNDA:0,(anonymous_11)
FNDA:0,(anonymous_12)
FNDA:0,(anonymous_13)
FNDA:0,(anonymous_14)
FNDA:0,(anonymous_15)
DA:24,0
DA:30,0
DA:31,0
DA:32,0
DA:34,0
DA:38,0
DA:39,0
DA:41,0
DA:42,0
DA:43,0
DA:44,0
DA:46,0
DA:47,0
DA:49,0
DA:53,0
DA:54,0
DA:68,0
DA:69,0
DA:70,0
DA:71,0
DA:74,0
DA:75,0
DA:77,0
DA:78,0
DA:79,0
DA:82,0
DA:83,0
DA:86,0
DA:87,0
DA:90,0
DA:92,0
DA:153,0
DA:154,0
DA:155,0
DA:158,0
DA:190,0
DA:192,0
DA:199,0
LF:38
LH:0
BRDA:27,0,0,0
BRDA:34,1,0,0
BRDA:34,1,1,0
BRDA:38,2,0,0
BRDA:38,2,1,0
BRDA:46,3,0,0
BRDA:46,3,1,0
BRDA:75,4,0,0
BRDA:75,4,1,0
BRDA:83,5,0,0
BRDA:83,5,1,0
BRDA:87,6,0,0
BRDA:87,6,1,0
BRDA:90,7,0,0
BRDA:90,7,1,0
BRDA:93,8,0,0
BRDA:93,8,1,0
BRDA:113,9,0,0
BRDA:113,9,1,0
BRDA:125,10,0,0
BRDA:125,10,1,0
BRDA:134,11,0,0
BRDA:134,11,1,0
BRDA:139,12,0,0
BRDA:139,12,1,0
BRDA:148,13,0,0
BRDA:148,13,1,0
BRDA:150,14,0,0
BRDA:150,14,1,0
BRDA:160,15,0,0
BRDA:160,15,1,0
BRDA:163,16,0,0
BRDA:163,16,1,0
BRDA:164,17,0,0
BRDA:164,17,1,0
BRDA:169,18,0,0
BRDA:169,18,1,0
BRDA:180,19,0,0
BRDA:180,19,1,0
BRDA:187,20,0,0
BRDA:187,20,1,0
BRDA:209,21,0,0
BRDA:209,21,1,0
BRDA:209,21,2,0
BRDA:209,21,3,0
BRF:45
BRH:0
end_of_record
TN:
SF:src/components/chat/MessageInput.tsx
FN:27,(anonymous_0)
FN:29,(anonymous_1)
FN:30,(anonymous_2)
FN:31,(anonymous_3)
FN:47,(anonymous_4)
FN:60,(anonymous_5)
FN:67,(anonymous_6)
FN:74,(anonymous_7)
FN:102,(anonymous_8)
FN:110,(anonymous_9)
FN:124,(anonymous_10)
FN:132,(anonymous_11)
FN:149,(anonymous_12)
FN:175,(anonymous_13)
FN:200,(anonymous_14)
FN:203,(anonymous_15)
FN:225,(anonymous_16)
FN:228,(anonymous_17)
FN:229,(anonymous_18)
FN:245,(anonymous_19)
FN:272,(anonymous_20)
FN:305,(anonymous_21)
FNF:22
FNH:0
FNDA:0,(anonymous_0)
FNDA:0,(anonymous_1)
FNDA:0,(anonymous_2)
FNDA:0,(anonymous_3)
FNDA:0,(anonymous_4)
FNDA:0,(anonymous_5)
FNDA:0,(anonymous_6)
FNDA:0,(anonymous_7)
FNDA:0,(anonymous_8)
FNDA:0,(anonymous_9)
FNDA:0,(anonymous_10)
FNDA:0,(anonymous_11)
FNDA:0,(anonymous_12)
FNDA:0,(anonymous_13)
FNDA:0,(anonymous_14)
FNDA:0,(anonymous_15)
FNDA:0,(anonymous_16)
FNDA:0,(anonymous_17)
FNDA:0,(anonymous_18)
FNDA:0,(anonymous_19)
FNDA:0,(anonymous_20)
FNDA:0,(anonymous_21)
DA:27,0
DA:28,0
DA:29,0
DA:30,0
DA:31,0
DA:32,0
DA:34,0
DA:35,0
DA:36,0
DA:37,0
DA:38,0
DA:39,0
DA:40,0
DA:41,0
DA:42,0
DA:44,0
DA:45,0
DA:47,0
DA:49,0
DA:50,0
DA:51,0
DA:55,0
DA:56,0
DA:60,0
DA:61,0
DA:62,0
DA:63,0
DA:67,0
DA:68,0
DA:69,0
DA:74,0
DA:75,0
DA:77,0
DA:78,0
DA:79,0
DA:80,0
DA:81,0
DA:83,0
DA:85,0
DA:88,0
DA:96,0
DA:98,0
DA:102,0
DA:103,0
DA:105,0
DA:106,0
DA:107,0
DA:110,0
DA:111,0
DA:113,0
DA:115,0
DA:117,0
DA:119,0
DA:122,0
DA:124,0
DA:125,0
DA:126,0
DA:132,0
DA:133,0
DA:147,0
DA:149,0
DA:150,0
DA:152,0
DA:153,0
DA:154,0
DA:155,0
DA:159,0
DA:162,0
DA:168,0
DA:170,0
DA:171,0
DA:175,0
DA:177,0
DA:184,0
DA:185,0
DA:188,0
DA:201,0
DA:203,0
DA:226,0
DA:229,0
DA:230,0
DA:231,0
DA:245,0
DA:273,0
DA:274,0
DA:275,0
DA:306,0
DA:307,0
DA:308,0
LF:89
LH:0
BRDA:44,0,0,0
BRDA:44,0,1,0
BRDA:49,1,0,0
BRDA:49,1,1,0
BRDA:49,2,0,0
BRDA:49,2,1,0
BRDA:55,3,0,0
BRDA:55,3,1,0
BRDA:61,4,0,0
BRDA:61,4,1,0
BRDA:68,5,0,0
BRDA:68,5,1,0
BRDA:75,6,0,0
BRDA:75,6,1,0
BRDA:75,7,0,0
BRDA:75,7,1,0
BRDA:75,7,2,0
BRDA:103,8,0,0
BRDA:103,8,1,0
BRDA:111,9,0,0
BRDA:111,9,1,0
BRDA:115,10,0,0
BRDA:115,10,1,0
BRDA:125,11,0,0
BRDA:125,11,1,0
BRDA:153,12,0,0
BRDA:153,12,1,0
BRDA:180,13,0,0
BRDA:180,13,1,0
BRDA:190,14,0,0
BRDA:190,14,1,0
BRDA:194,15,0,0
BRDA:194,15,1,0
BRDA:219,16,0,0
BRDA:219,16,1,0
BRDA:249,17,0,0
BRDA:249,17,1,0
BRDA:255,18,0,0
BRDA:255,18,1,0
BRDA:280,19,0,0
BRDA:280,19,1,0
BRDA:282,20,0,0
BRDA:282,20,1,0
BRDA:313,21,0,0
BRDA:313,21,1,0
BRDA:315,22,0,0
BRDA:315,22,1,0
BRDA:322,23,0,0
BRDA:322,23,1,0
BRDA:326,24,0,0
BRDA:326,24,1,0
BRDA:326,25,0,0
BRDA:326,25,1,0
BRDA:327,26,0,0
BRDA:327,26,1,0
BRDA:333,27,0,0
BRDA:333,27,1,0
BRDA:335,28,0,0
BRDA:335,28,1,0
BRDA:337,29,0,0
BRDA:337,29,1,0
BRDA:349,30,0,0
BRDA:349,30,1,0
BRF:63
BRH:0
end_of_record
TN:
SF:src/components/chat/QuickActionBar.tsx
FN:17,(anonymous_0)
FN:24,(anonymous_1)
FN:28,(anonymous_2)
FN:33,(anonymous_3)
FN:49,(anonymous_4)
FN:52,(anonymous_5)
FN:101,(anonymous_6)
FN:112,(anonymous_7)
FN:124,(anonymous_8)
FNF:9
FNH:0
FNDA:0,(anonymous_0)
FNDA:0,(anonymous_1)
FNDA:0,(anonymous_2)
FNDA:0,(anonymous_3)
FNDA:0,(anonymous_4)
FNDA:0,(anonymous_5)
FNDA:0,(anonymous_6)
FNDA:0,(anonymous_7)
FNDA:0,(anonymous_8)
DA:17,0
DA:24,0
DA:25,0
DA:26,0
DA:28,0
DA:29,0
DA:30,0
DA:33,0
DA:34,0
DA:39,0
DA:42,0
DA:50,0
DA:52,0
DA:103,0
DA:114,0
DA:126,0
LF:16
LH:0
BRDA:21,0,0,0
BRDA:22,1,0,0
BRDA:25,2,0,0
BRDA:25,2,1,0
BRDA:35,3,0,0
BRDA:35,3,1,0
BRDA:73,4,0,0
BRDA:73,4,1,0
BRDA:78,5,0,0
BRDA:78,5,1,0
BRDA:80,6,0,0
BRDA:80,6,1,0
BRDA:88,7,0,0
BRDA:88,7,1,0
BRDA:93,8,0,0
BRDA:93,8,1,0
BRF:16
BRH:0
end_of_record
TN:
SF:src/components/chat/TwintuitionAlert.tsx
FN:15,(anonymous_0)
FN:20,(anonymous_1)
FN:27,(anonymous_2)
FN:56,(anonymous_3)
FN:62,(anonymous_4)
FNF:5
FNH:0
FNDA:0,(anonymous_0)
FNDA:0,(anonymous_1)
FNDA:0,(anonymous_2)
FNDA:0,(anonymous_3)
FNDA:0,(anonymous_4)
DA:15,0
DA:20,0
DA:21,0
DA:22,0
DA:24,0
DA:25,0
DA:27,0
DA:29,0
DA:37,0
DA:53,0
DA:56,0
DA:57,0
DA:58,0
DA:59,0
DA:62,0
DA:63,0
DA:64,0
DA:65,0
DA:68,0
LF:19
LH:0
BRDA:24,0,0,0
BRDA:24,0,1,0
BRDA:57,1,0,0
BRDA:57,1,1,0
BRDA:58,2,0,0
BRDA:58,2,1,0
BRDA:63,3,0,0
BRDA:63,3,1,0
BRDA:64,4,0,0
BRDA:64,4,1,0
BRF:10
BRH:0
end_of_record
TN:
SF:src/components/chat/TypingIndicator.tsx
FN:11,(anonymous_0)
FN:12,(anonymous_1)
FN:21,(anonymous_2)
FN:31,(anonymous_3)
FN:57,(anonymous_4)
FNF:5
FNH:0
FNDA:0,(anonymous_0)
FNDA:0,(anonymous_1)
FNDA:0,(anonymous_2)
FNDA:0,(anonymous_3)
FNDA:0,(anonymous_4)
DA:11,0
DA:12,0
DA:13,0
DA:14,0
DA:15,0
DA:16,0
DA:18,0
DA:19,0
DA:21,0
DA:23,0
DA:31,0
DA:32,0
DA:49,0
DA:50,0
DA:51,0
DA:53,0
DA:54,0
DA:55,0
DA:57,0
DA:58,0
DA:59,0
DA:60,0
DA:64,0
LF:23
LH:0
BRDA:18,0,0,0
BRDA:18,0,1,0
BRF:2
BRH:0
end_of_record
TN:
SF:src/components/common/PrivacyConsentModal.tsx
FN:27,(anonymous_0)
FN:50,(anonymous_1)
FN:72,(anonymous_2)
FN:118,(anonymous_3)
FN:126,(anonymous_4)
FN:143,(anonymous_5)
FN:160,(anonymous_6)
FN:175,(anonymous_7)
FN:225,(anonymous_8)
FN:267,(anonymous_9)
FN:295,(anonymous_10)
FNF:11
FNH:0
FNDA:0,(anonymous_0)
FNDA:0,(anonymous_1)
FNDA:0,(anonymous_2)
FNDA:0,(anonymous_3)
FNDA:0,(anonymous_4)
FNDA:0,(anonymous_5)
FNDA:0,(anonymous_6)
FNDA:0,(anonymous_7)
FNDA:0,(anonymous_8)
FNDA:0,(anonymous_9)
FNDA:0,(anonymous_10)
DA:27,0
DA:34,0
DA:36,0
DA:37,0
DA:40,0
DA:43,0
DA:46,0
DA:50,0
DA:51,0
DA:52,0
DA:57,0
DA:60,0
DA:68,0
DA:69,0
DA:72,0
DA:73,0
DA:118,0
DA:119,0
DA:126,0
DA:143,0
DA:160,0
DA:175,0
DA:176,0
DA:225,0
DA:226,0
DA:267,0
DA:268,0
DA:295,0
DA:296,0
DA:316,0
LF:30
LH:0
BRDA:31,0,0,0
BRDA:32,1,0,0
BRDA:36,2,0,0
BRDA:36,2,1,0
BRDA:38,3,0,0
BRDA:38,3,1,0
BRDA:51,4,0,0
BRDA:51,4,1,0
BRDA:51,5,0,0
BRDA:51,5,1,0
BRDA:51,5,2,0
BRDA:51,5,3,0
BRDA:124,6,0,0
BRDA:124,6,1,0
BRDA:131,7,0,0
BRDA:131,7,1,0
BRDA:141,8,0,0
BRDA:141,8,1,0
BRDA:148,9,0,0
BRDA:148,9,1,0
BRDA:158,10,0,0
BRDA:158,10,1,0
BRDA:165,11,0,0
BRDA:165,11,1,0
BRDA:300,12,0,0
BRDA:300,12,1,0
BRDA:310,13,0,0
BRDA:310,13,1,0
BRDA:332,14,0,0
BRDA:332,14,1,0
BRDA:337,15,0,0
BRDA:337,15,1,0
BRDA:348,16,0,0
BRDA:348,16,1,0
BRF:34
BRH:0
end_of_record
TN:
SF:src/components/games/GameResult.tsx
FN:25,(anonymous_0)
FN:38,(anonymous_1)
FN:62,(anonymous_2)
FN:69,(anonymous_3)
FN:75,(anonymous_4)
FN:81,(anonymous_5)
FN:87,(anonymous_6)
FN:95,(anonymous_7)
FN:186,(anonymous_8)
FNF:9
FNH:0
FNDA:0,(anonymous_0)
FNDA:0,(anonymous_1)
FNDA:0,(anonymous_2)
FNDA:0,(anonymous_3)
FNDA:0,(anonymous_4)
FNDA:0,(anonymous_5)
FNDA:0,(anonymous_6)
FNDA:0,(anonymous_7)
FNDA:0,(anonymous_8)
DA:25,0
DA:31,0
DA:32,0
DA:34,0
DA:35,0
DA:36,0
DA:38,0
DA:40,0
DA:41,0
DA:44,0
DA:53,0
DA:54,0
DA:55,0
DA:56,0
DA:58,0
DA:62,0
DA:63,0
DA:69,0
DA:70,0
DA:75,0
DA:76,0
DA:77,0
DA:78,0
DA:81,0
DA:82,0
DA:83,0
DA:84,0
DA:87,0
DA:88,0
DA:89,0
DA:90,0
DA:91,0
DA:92,0
DA:95,0
DA:96,0
DA:98,0
DA:187,0
LF:37
LH:0
BRDA:53,0,0,0
BRDA:53,0,1,0
BRDA:55,1,0,0
BRDA:55,1,1,0
BRDA:76,2,0,0
BRDA:76,2,1,0
BRDA:77,3,0,0
BRDA:77,3,1,0
BRDA:82,4,0,0
BRDA:82,4,1,0
BRDA:83,5,0,0
BRDA:83,5,1,0
BRDA:88,6,0,0
BRDA:88,6,1,0
BRDA:89,7,0,0
BRDA:89,7,1,0
BRDA:90,8,0,0
BRDA:90,8,1,0
BRDA:91,9,0,0
BRDA:91,9,1,0
BRDA:157,10,0,0
BRDA:157,10,1,0
BRDA:157,11,0,0
BRDA:157,11,1,0
BRDA:190,12,0,0
BRDA:190,12,1,0
BRDA:220,13,0,0
BRDA:220,13,1,0
BRF:28
BRH:0
end_of_record
TN:
SF:src/components/games/SyncScoreDisplay.tsx
FN:26,(anonymous_0)
FN:37,(anonymous_1)
FN:46,(anonymous_2)
FN:53,(anonymous_3)
FN:60,(anonymous_4)
FNF:5
FNH:0
FNDA:0,(anonymous_0)
FNDA:0,(anonymous_1)
FNDA:0,(anonymous_2)
FNDA:0,(anonymous_3)
FNDA:0,(anonymous_4)
DA:18,0
DA:26,0
DA:31,0
DA:32,0
DA:34,0
DA:35,0
DA:37,0
DA:38,0
DA:39,0
DA:42,0
DA:43,0
DA:44,0
DA:46,0
DA:47,0
DA:48,0
DA:53,0
DA:54,0
DA:60,0
DA:61,0
DA:62,0
DA:63,0
DA:64,0
DA:65,0
DA:68,0
DA:70,0
DA:71,0
DA:117,0
LF:27
LH:0
BRDA:29,0,0,0
BRDA:42,1,0,0
BRDA:42,1,1,0
BRDA:43,2,0,0
BRDA:43,2,1,0
BRDA:61,3,0,0
BRDA:61,3,1,0
BRDA:62,4,0,0
BRDA:62,4,1,0
BRDA:63,5,0,0
BRDA:63,5,1,0
BRDA:64,6,0,0
BRDA:64,6,1,0
BRDA:70,7,0,0
BRDA:70,7,1,0
BRDA:217,8,0,0
BRDA:217,8,1,0
BRF:17
BRH:0
end_of_record
TN:
SF:src/components/onboarding/ColorPicker.tsx
FN:22,(anonymous_0)
FN:28,(anonymous_1)
FN:31,(anonymous_2)
FN:33,(anonymous_3)
FN:50,(anonymous_4)
FN:55,(anonymous_5)
FN:62,(anonymous_6)
FN:150,(anonymous_7)
FN:156,(anonymous_8)
FN:163,(anonymous_9)
FN:169,(anonymous_10)
FNF:11
FNH:0
FNDA:0,(anonymous_0)
FNDA:0,(anonymous_1)
FNDA:0,(anonymous_2)
FNDA:0,(anonymous_3)
FNDA:0,(anonymous_4)
FNDA:0,(anonymous_5)
FNDA:0,(anonymous_6)
FNDA:0,(anonymous_7)
FNDA:0,(anonymous_8)
FNDA:0,(anonymous_9)
FNDA:0,(anonymous_10)
DA:8,0
DA:22,0
DA:27,0
DA:28,0
DA:31,0
DA:33,0
DA:34,0
DA:42,0
DA:50,0
DA:51,0
DA:52,0
DA:53,0
DA:55,0
DA:56,0
DA:62,0
DA:63,0
DA:69,0
DA:140,0
DA:151,0
DA:156,0
DA:164,0
DA:169,0
LF:22
LH:0
BRDA:90,0,0,0
BRDA:90,0,1,0
BRDA:103,1,0,0
BRDA:103,1,1,0
BRDA:109,2,0,0
BRDA:109,2,1,0
BRDA:131,3,0,0
BRDA:131,3,1,0
BRF:8
BRH:0
end_of_record
TN:
SF:src/components/onboarding/TwinTypeSelector.tsx
FN:23,(anonymous_0)
FN:32,(anonymous_1)
FN:62,(anonymous_2)
FN:79,(anonymous_3)
FN:85,(anonymous_4)
FN:160,(anonymous_5)
FNF:6
FNH:0
FNDA:0,(anonymous_0)
FNDA:0,(anonymous_1)
FNDA:0,(anonymous_2)
FNDA:0,(anonymous_3)
FNDA:0,(anonymous_4)
FNDA:0,(anonymous_5)
DA:23,0
DA:29,0
DA:30,0
DA:32,0
DA:33,0
DA:34,0
DA:47,0
DA:62,0
DA:63,0
DA:65,0
DA:67,0
DA:69,0
DA:71,0
DA:75,0
DA:77,0
DA:79,0
DA:85,0
DA:161,0
LF:18
LH:0
BRDA:33,0,0,0
BRDA:33,0,1,0
BRDA:63,1,0,0
BRDA:63,1,1,0
BRDA:63,1,2,0
BRDA:63,1,3,0
BRDA:81,2,0,0
BRDA:81,2,1,0
BRDA:86,3,0,0
BRDA:86,3,1,0
BRDA:87,4,0,0
BRDA:87,4,1,0
BRDA:91,5,0,0
BRDA:91,5,1,0
BRDA:100,6,0,0
BRDA:100,6,1,0
BRDA:102,7,0,0
BRDA:102,7,1,0
BRDA:134,8,0,0
BRDA:134,8,1,0
BRDA:176,9,0,0
BRDA:176,9,1,0
BRDA:179,10,0,0
BRDA:179,10,1,0
BRDA:182,11,0,0
BRDA:182,11,1,0
BRF:26
BRH:0
end_of_record
TN:
SF:src/components/premium/PremiumBadge.tsx
FN:16,(anonymous_0)
FN:23,(anonymous_1)
FN:24,(anonymous_2)
FN:25,(anonymous_3)
FN:31,(anonymous_4)
FN:43,(anonymous_5)
FN:125,(anonymous_6)
FN:141,(anonymous_7)
FN:146,(anonymous_8)
FN:147,(anonymous_9)
FNF:10
FNH:0
FNDA:0,(anonymous_0)
FNDA:0,(anonymous_1)
FNDA:0,(anonymous_2)
FNDA:0,(anonymous_3)
FNDA:0,(anonymous_4)
FNDA:0,(anonymous_5)
FNDA:0,(anonymous_6)
FNDA:0,(anonymous_7)
FNDA:0,(anonymous_8)
FNDA:0,(anonymous_9)
DA:16,0
DA:23,0
DA:24,0
DA:25,0
DA:27,0
DA:28,0
DA:29,0
DA:31,0
DA:32,0
DA:33,0
DA:34,0
DA:39,0
DA:40,0
DA:43,0
DA:44,0
DA:46,0
DA:52,0
DA:58,0
DA:66,0
DA:68,0
DA:69,0
DA:84,0
DA:85,0
DA:106,0
DA:125,0
DA:126,0
DA:141,0
DA:146,0
DA:147,0
DA:148,0
DA:149,0
DA:151,0
DA:152,0
DA:155,0
LF:34
LH:0
BRDA:18,0,0,0
BRDA:19,1,0,0
BRDA:21,2,0,0
BRDA:27,3,0,0
BRDA:27,3,1,0
BRDA:32,4,0,0
BRDA:32,4,1,0
BRDA:39,5,0,0
BRDA:39,5,1,0
BRDA:44,6,0,0
BRDA:44,6,1,0
BRDA:44,6,2,0
BRDA:68,7,0,0
BRDA:68,7,1,0
BRDA:75,8,0,0
BRDA:75,8,1,0
BRDA:84,9,0,0
BRDA:84,9,1,0
BRDA:90,10,0,0
BRDA:90,10,1,0
BRDA:93,11,0,0
BRDA:93,11,1,0
BRDA:112,12,0,0
BRDA:112,12,1,0
BRDA:144,13,0,0
BRDA:148,14,0,0
BRDA:148,14,1,0
BRDA:151,15,0,0
BRDA:151,15,1,0
BRF:29
BRH:0
end_of_record
TN:
SF:src/components/premium/PremiumFeatureList.tsx
FN:15,(anonymous_0)
FN:19,(anonymous_1)
FN:20,(anonymous_2)
FN:24,(anonymous_3)
FN:36,(anonymous_4)
FN:88,(anonymous_5)
FN:98,(anonymous_6)
FN:130,(anonymous_7)
FNF:8
FNH:0
FNDA:0,(anonymous_0)
FNDA:0,(anonymous_1)
FNDA:0,(anonymous_2)
FNDA:0,(anonymous_3)
FNDA:0,(anonymous_4)
FNDA:0,(anonymous_5)
FNDA:0,(anonymous_6)
FNDA:0,(anonymous_7)
DA:15,0
DA:19,0
DA:20,0
DA:21,0
DA:22,0
DA:24,0
DA:25,0
DA:33,0
DA:36,0
DA:37,0
DA:38,0
DA:40,0
DA:41,0
DA:44,0
DA:52,0
DA:89,0
DA:99,0
DA:131,0
DA:133,0
LF:19
LH:0
BRDA:16,0,0,0
BRDA:17,1,0,0
BRDA:21,2,0,0
BRDA:21,2,1,0
BRDA:33,3,0,0
BRDA:33,3,1,0
BRDA:37,4,0,0
BRDA:37,4,1,0
BRDA:58,5,0,0
BRDA:58,5,1,0
BRDA:157,6,0,0
BRDA:157,6,1,0
BRDA:176,7,0,0
BRDA:176,7,1,0
BRDA:176,7,2,0
BRDA:176,7,3,0
BRDA:196,8,0,0
BRDA:196,8,1,0
BRF:18
BRH:0
end_of_record
TN:
SF:src/components/premium/PremiumFeatureTeaser.tsx
FN:18,(anonymous_0)
FN:25,(anonymous_1)
FN:26,(anonymous_2)
FN:27,(anonymous_3)
FN:34,(anonymous_4)
FN:47,(anonymous_5)
FN:149,(anonymous_6)
FN:154,(anonymous_7)
FN:155,(anonymous_8)
FNF:9
FNH:0
FNDA:0,(anonymous_0)
FNDA:0,(anonymous_1)
FNDA:0,(anonymous_2)
FNDA:0,(anonymous_3)
FNDA:0,(anonymous_4)
FNDA:0,(anonymous_5)
FNDA:0,(anonymous_6)
FNDA:0,(anonymous_7)
FNDA:0,(anonymous_8)
DA:18,0
DA:25,0
DA:26,0
DA:27,0
DA:29,0
DA:30,0
DA:32,0
DA:34,0
DA:35,0
DA:39,0
DA:43,0
DA:44,0
DA:47,0
DA:48,0
DA:56,0
DA:59,0
DA:149,0
DA:154,0
DA:155,0
DA:157,0
DA:158,0
DA:161,0
LF:22
LH:0
BRDA:22,0,0,0
BRDA:29,1,0,0
BRDA:29,1,1,0
BRDA:43,2,0,0
BRDA:43,2,1,0
BRDA:56,3,0,0
BRDA:56,3,1,0
BRDA:62,4,0,0
BRDA:62,4,1,0
BRDA:104,5,0,0
BRDA:104,5,1,0
BRDA:108,6,0,0
BRDA:108,6,1,0
BRDA:108,6,2,0
BRDA:112,7,0,0
BRDA:112,7,1,0
BRDA:112,7,2,0
BRDA:157,8,0,0
BRDA:157,8,1,0
BRF:19
BRH:0
end_of_record
TN:
SF:src/components/premium/PremiumGatedContent.tsx
FN:27,(anonymous_0)
FN:37,(anonymous_1)
FN:42,(anonymous_2)
FN:44,(anonymous_3)
FN:163,(anonymous_4)
FN:183,(anonymous_5)
FNF:6
FNH:0
FNDA:0,(anonymous_0)
FNDA:0,(anonymous_1)
FNDA:0,(anonymous_2)
FNDA:0,(anonymous_3)
FNDA:0,(anonymous_4)
FNDA:0,(anonymous_5)
DA:27,0
DA:36,0
DA:37,0
DA:38,0
DA:39,0
DA:41,0
DA:42,0
DA:44,0
DA:45,0
DA:46,0
DA:48,0
DA:53,0
DA:54,0
DA:58,0
DA:59,0
DA:60,0
DA:64,0
DA:66,0
DA:87,0
DA:120,0
DA:121,0
DA:123,0
DA:147,0
DA:163,0
DA:167,0
DA:169,0
DA:170,0
DA:173,0
DA:183,0
DA:188,0
DA:190,0
LF:31
LH:0
BRDA:31,0,0,0
BRDA:32,1,0,0
BRDA:38,2,0,0
BRDA:38,2,1,0
BRDA:45,3,0,0
BRDA:45,3,1,0
BRDA:53,4,0,0
BRDA:53,4,1,0
BRDA:58,5,0,0
BRDA:58,5,1,0
BRDA:64,6,0,0
BRDA:64,6,1,0
BRDA:64,6,2,0
BRDA:64,6,3,0
BRDA:64,6,4,0
BRDA:105,7,0,0
BRDA:105,7,1,0
BRDA:120,8,0,0
BRDA:120,8,1,0
BRDA:133,9,0,0
BRDA:133,9,1,0
BRDA:169,10,0,0
BRDA:169,10,1,0
BRDA:190,11,0,0
BRDA:190,11,1,0
BRF:25
BRH:0
end_of_record
TN:
SF:src/components/premium/PremiumStatusIndicator.tsx
FN:16,(anonymous_0)
FN:21,(anonymous_1)
FN:22,(anonymous_2)
FN:28,(anonymous_3)
FN:38,(anonymous_4)
FN:124,(anonymous_5)
FNF:6
FNH:0
FNDA:0,(anonymous_0)
FNDA:0,(anonymous_1)
FNDA:0,(anonymous_2)
FNDA:0,(anonymous_3)
FNDA:0,(anonymous_4)
FNDA:0,(anonymous_5)
DA:16,0
DA:21,0
DA:22,0
DA:23,0
DA:25,0
DA:26,0
DA:28,0
DA:29,0
DA:30,0
DA:32,0
DA:36,0
DA:38,0
DA:39,0
DA:40,0
DA:42,0
DA:44,0
DA:54,0
DA:95,0
DA:120,0
DA:124,0
DA:125,0
DA:127,0
DA:147,0
DA:185,0
DA:207,0
LF:25
LH:0
BRDA:17,0,0,0
BRDA:18,1,0,0
BRDA:25,2,0,0
BRDA:25,2,1,0
BRDA:29,3,0,0
BRDA:29,3,1,0
BRDA:36,4,0,0
BRDA:36,4,1,0
BRDA:39,5,0,0
BRDA:39,5,1,0
BRDA:40,6,0,0
BRDA:40,6,1,0
BRDA:42,7,0,0
BRDA:42,7,1,0
BRDA:42,7,2,0
BRDA:42,7,3,0
BRDA:71,8,0,0
BRDA:71,8,1,0
BRDA:76,9,0,0
BRDA:76,9,1,0
BRDA:76,9,2,0
BRDA:85,10,0,0
BRDA:85,10,1,0
BRDA:110,11,0,0
BRDA:110,11,1,0
BRDA:110,11,2,0
BRDA:125,12,0,0
BRDA:125,12,1,0
BRDA:125,12,2,0
BRDA:125,12,3,0
BRDA:127,13,0,0
BRDA:127,13,1,0
BRDA:162,14,0,0
BRDA:162,14,1,0
BRDA:175,15,0,0
BRDA:175,15,1,0
BRDA:185,16,0,0
BRDA:185,16,1,0
BRF:38
BRH:0
end_of_record
TN:
SF:src/components/premium/SubscriptionCard.tsx
FN:17,(anonymous_0)
FN:24,(anonymous_1)
FN:29,(anonymous_2)
FN:43,(anonymous_3)
FN:150,(anonymous_4)
FNF:5
FNH:0
FNDA:0,(anonymous_0)
FNDA:0,(anonymous_1)
FNDA:0,(anonymous_2)
FNDA:0,(anonymous_3)
FNDA:0,(anonymous_4)
DA:17,0
DA:24,0
DA:25,0
DA:26,0
DA:27,0
DA:29,0
DA:30,0
DA:31,0
DA:32,0
DA:33,0
DA:34,0
DA:36,0
DA:39,0
DA:41,0
DA:43,0
DA:151,0
LF:16
LH:0
BRDA:19,0,0,0
BRDA:20,1,0,0
BRDA:22,2,0,0
BRDA:25,3,0,0
BRDA:25,3,1,0
BRDA:30,4,0,0
BRDA:30,4,1,0
BRDA:46,5,0,0
BRDA:46,5,1,0
BRDA:50,6,0,0
BRDA:50,6,1,0
BRDA:60,7,0,0
BRDA:60,7,1,0
BRDA:76,8,0,0
BRDA:76,8,1,0
BRDA:82,9,0,0
BRDA:82,9,1,0
BRDA:95,10,0,0
BRDA:95,10,1,0
BRDA:102,11,0,0
BRDA:102,11,1,0
BRDA:118,12,0,0
BRDA:118,12,1,0
BRDA:122,13,0,0
BRDA:122,13,1,0
BRDA:130,14,0,0
BRDA:130,14,1,0
BRDA:142,15,0,0
BRDA:142,15,1,0
BRF:29
BRH:0
end_of_record
TN:
SF:src/components/research/ConsentForm.tsx
FN:13,(anonymous_0)
FN:26,(anonymous_1)
FN:54,(anonymous_2)
FN:55,(anonymous_3)
FN:55,(anonymous_4)
FN:61,(anonymous_5)
FN:62,(anonymous_6)
FN:64,(anonymous_7)
FN:90,(anonymous_8)
FN:124,(anonymous_9)
FN:172,(anonymous_10)
FN:188,(anonymous_11)
FNF:12
FNH:0
FNDA:0,(anonymous_0)
FNDA:0,(anonymous_1)
FNDA:0,(anonymous_2)
FNDA:0,(anonymous_3)
FNDA:0,(anonymous_4)
FNDA:0,(anonymous_5)
FNDA:0,(anonymous_6)
FNDA:0,(anonymous_7)
FNDA:0,(anonymous_8)
FNDA:0,(anonymous_9)
FNDA:0,(anonymous_10)
FNDA:0,(anonymous_11)
DA:13,0
DA:19,0
DA:26,0
DA:54,0
DA:55,0
DA:56,0
DA:60,0
DA:61,0
DA:62,0
DA:64,0
DA:65,0
DA:66,0
DA:70,0
DA:91,0
DA:125,0
DA:173,0
DA:188,0
LF:17
LH:0
BRDA:17,0,0,0
BRDA:56,1,0,0
BRDA:56,1,1,0
BRDA:65,2,0,0
BRDA:65,2,1,0
BRDA:178,3,0,0
BRDA:178,3,1,0
BRDA:190,4,0,0
BRDA:190,4,1,0
BRDA:234,5,0,0
BRDA:234,5,1,0
BRDA:236,6,0,0
BRDA:236,6,1,0
BRDA:236,7,0,0
BRDA:236,7,1,0
BRDA:242,8,0,0
BRDA:242,8,1,0
BRDA:242,9,0,0
BRDA:242,9,1,0
BRDA:244,10,0,0
BRDA:244,10,1,0
BRDA:256,11,0,0
BRDA:256,11,1,0
BRF:23
BRH:0
end_of_record
TN:
SF:src/components/stories/MediaUpload.tsx
FN:21,(anonymous_0)
FN:33,(anonymous_1)
FN:49,(anonymous_2)
FN:53,(anonymous_3)
FN:59,(anonymous_4)
FN:71,(anonymous_5)
FN:99,(anonymous_6)
FN:127,(anonymous_7)
FN:154,(anonymous_8)
FN:179,(anonymous_9)
FN:180,(anonymous_10)
FN:183,(anonymous_11)
FN:194,(anonymous_12)
FN:216,(anonymous_13)
FN:222,(anonymous_14)
FN:247,(anonymous_15)
FN:264,(anonymous_16)
FN:320,(anonymous_17)
FNF:18
FNH:0
FNDA:0,(anonymous_0)
FNDA:0,(anonymous_1)
FNDA:0,(anonymous_2)
FNDA:0,(anonymous_3)
FNDA:0,(anonymous_4)
FNDA:0,(anonymous_5)
FNDA:0,(anonymous_6)
FNDA:0,(anonymous_7)
FNDA:0,(anonymous_8)
FNDA:0,(anonymous_9)
FNDA:0,(anonymous_10)
FNDA:0,(anonymous_11)
FNDA:0,(anonymous_12)
FNDA:0,(anonymous_13)
FNDA:0,(anonymous_14)
FNDA:0,(anonymous_15)
FNDA:0,(anonymous_16)
FNDA:0,(anonymous_17)
DA:19,0
DA:21,0
DA:28,0
DA:29,0
DA:30,0
DA:31,0
DA:33,0
DA:34,0
DA:35,0
DA:36,0
DA:38,0
DA:39,0
DA:44,0
DA:46,0
DA:49,0
DA:50,0
DA:51,0
DA:52,0
DA:53,0
DA:55,0
DA:56,0
DA:59,0
DA:60,0
DA:71,0
DA:72,0
DA:73,0
DA:74,0
DA:75,0
DA:78,0
DA:79,0
DA:81,0
DA:88,0
DA:89,0
DA:90,0
DA:95,0
DA:99,0
DA:100,0
DA:101,0
DA:102,0
DA:103,0
DA:106,0
DA:107,0
DA:109,0
DA:115,0
DA:116,0
DA:117,0
DA:123,0
DA:127,0
DA:128,0
DA:129,0
DA:130,0
DA:131,0
DA:134,0
DA:135,0
DA:137,0
DA:143,0
DA:144,0
DA:145,0
DA:150,0
DA:154,0
DA:155,0
DA:156,0
DA:157,0
DA:158,0
DA:161,0
DA:162,0
DA:164,0
DA:165,0
DA:170,0
DA:174,0
DA:175,0
DA:176,0
DA:179,0
DA:180,0
DA:183,0
DA:184,0
DA:185,0
DA:189,0
DA:190,0
DA:194,0
DA:195,0
DA:197,0
DA:198,0
DA:199,0
DA:201,0
DA:202,0
DA:203,0
DA:209,0
DA:212,0
DA:213,0
DA:216,0
DA:217,0
DA:218,0
DA:219,0
DA:222,0
DA:223,0
DA:247,0
DA:264,0
DA:270,0
DA:290,0
DA:321,0
LF:101
LH:0
BRDA:25,0,0,0
BRDA:26,1,0,0
BRDA:38,2,0,0
BRDA:38,2,1,0
BRDA:38,3,0,0
BRDA:38,3,1,0
BRDA:38,3,2,0
BRDA:72,4,0,0
BRDA:72,4,1,0
BRDA:73,5,0,0
BRDA:73,5,1,0
BRDA:79,6,0,0
BRDA:79,6,1,0
BRDA:88,7,0,0
BRDA:88,7,1,0
BRDA:88,8,0,0
BRDA:88,8,1,0
BRDA:100,9,0,0
BRDA:100,9,1,0
BRDA:101,10,0,0
BRDA:101,10,1,0
BRDA:107,11,0,0
BRDA:107,11,1,0
BRDA:115,12,0,0
BRDA:115,12,1,0
BRDA:115,13,0,0
BRDA:115,13,1,0
BRDA:121,14,0,0
BRDA:121,14,1,0
BRDA:128,15,0,0
BRDA:128,15,1,0
BRDA:129,16,0,0
BRDA:129,16,1,0
BRDA:135,17,0,0
BRDA:135,17,1,0
BRDA:143,18,0,0
BRDA:143,18,1,0
BRDA:143,19,0,0
BRDA:143,19,1,0
BRDA:155,20,0,0
BRDA:155,20,1,0
BRDA:156,21,0,0
BRDA:156,21,1,0
BRDA:162,22,0,0
BRDA:162,22,1,0
BRDA:184,23,0,0
BRDA:184,23,1,0
BRDA:195,24,0,0
BRDA:195,24,1,0
BRDA:201,25,0,0
BRDA:201,25,1,0
BRDA:224,26,0,0
BRDA:224,26,1,0
BRDA:230,27,0,0
BRDA:230,27,1,0
BRDA:237,28,0,0
BRDA:237,28,1,0
BRDA:254,29,0,0
BRDA:254,29,1,0
BRDA:254,29,2,0
BRDA:268,30,0,0
BRDA:272,31,0,0
BRDA:272,31,1,0
BRDA:274,32,0,0
BRDA:274,32,1,0
BRDA:274,33,0,0
BRDA:274,33,1,0
BRDA:280,34,0,0
BRDA:280,34,1,0
BRDA:280,35,0,0
BRDA:280,35,1,0
BRDA:283,36,0,0
BRDA:283,36,1,0
BRDA:283,37,0,0
BRDA:283,37,1,0
BRDA:297,38,0,0
BRDA:297,38,1,0
BRDA:313,39,0,0
BRDA:313,39,1,0
BRDA:327,40,0,0
BRDA:327,40,1,0
BRDA:349,41,0,0
BRDA:349,41,1,0
BRDA:358,42,0,0
BRDA:358,42,1,0
BRDA:367,43,0,0
BRDA:367,43,1,0
BRDA:376,44,0,0
BRDA:376,44,1,0
BRF:89
BRH:0
end_of_record
TN:
SF:src/components/stories/StoryCard.tsx
FN:19,(anonymous_0)
FN:37,(anonymous_1)
FN:49,(anonymous_2)
FN:61,(anonymous_3)
FN:78,(anonymous_4)
FN:86,(anonymous_5)
FN:94,(anonymous_6)
FN:221,(anonymous_7)
FN:232,(anonymous_8)
FNF:9
FNH:0
FNDA:0,(anonymous_0)
FNDA:0,(anonymous_1)
FNDA:0,(anonymous_2)
FNDA:0,(anonymous_3)
FNDA:0,(anonymous_4)
FNDA:0,(anonymous_5)
FNDA:0,(anonymous_6)
FNDA:0,(anonymous_7)
FNDA:0,(anonymous_8)
DA:16,0
DA:17,0
DA:19,0
DA:25,0
DA:26,0
DA:27,0
DA:29,0
DA:30,0
DA:31,0
DA:32,0
DA:33,0
DA:37,0
DA:38,0
DA:39,0
DA:40,0
DA:41,0
DA:42,0
DA:43,0
DA:44,0
DA:45,0
DA:49,0
DA:50,0
DA:51,0
DA:52,0
DA:53,0
DA:54,0
DA:55,0
DA:56,0
DA:57,0
DA:61,0
DA:62,0
DA:63,0
DA:64,0
DA:65,0
DA:67,0
DA:68,0
DA:69,0
DA:71,0
DA:78,0
DA:79,0
DA:80,0
DA:82,0
DA:86,0
DA:87,0
DA:88,0
DA:90,0
DA:94,0
DA:95,0
DA:96,0
DA:97,0
DA:101,0
DA:221,0
DA:233,0
LF:53
LH:0
BRDA:22,0,0,0
BRDA:23,1,0,0
BRDA:29,2,0,0
BRDA:29,2,1,0
BRDA:33,3,0,0
BRDA:33,3,1,0
BRDA:33,4,0,0
BRDA:33,4,1,0
BRDA:38,5,0,0
BRDA:38,5,1,0
BRDA:38,5,2,0
BRDA:38,5,3,0
BRDA:38,5,4,0
BRDA:38,5,5,0
BRDA:38,5,6,0
BRDA:50,6,0,0
BRDA:50,6,1,0
BRDA:50,6,2,0
BRDA:50,6,3,0
BRDA:50,6,4,0
BRDA:50,6,5,0
BRDA:50,6,6,0
BRDA:67,7,0,0
BRDA:67,7,1,0
BRDA:68,8,0,0
BRDA:68,8,1,0
BRDA:69,9,0,0
BRDA:69,9,1,0
BRDA:79,10,0,0
BRDA:79,10,1,0
BRDA:87,11,0,0
BRDA:87,11,1,0
BRDA:95,12,0,0
BRDA:95,12,1,0
BRDA:104,13,0,0
BRDA:104,13,1,0
BRDA:105,14,0,0
BRDA:105,14,1,0
BRDA:128,15,0,0
BRDA:128,15,1,0
BRDA:144,16,0,0
BRDA:144,16,1,0
BRDA:154,17,0,0
BRDA:154,17,1,0
BRDA:164,18,0,0
BRDA:164,18,1,0
BRDA:172,19,0,0
BRDA:172,19,1,0
BRDA:174,20,0,0
BRDA:174,20,1,0
BRDA:181,21,0,0
BRDA:181,21,1,0
BRDA:189,22,0,0
BRDA:189,22,1,0
BRDA:192,23,0,0
BRDA:192,23,1,0
BRDA:204,24,0,0
BRDA:204,24,1,0
BRDA:220,25,0,0
BRDA:220,25,1,0
BRDA:223,26,0,0
BRDA:223,26,1,0
BRDA:230,27,0,0
BRDA:230,27,1,0
BRDA:237,28,0,0
BRDA:237,28,1,0
BRDA:246,29,0,0
BRDA:246,29,1,0
BRDA:261,30,0,0
BRDA:261,30,1,0
BRDA:261,30,2,0
BRDA:267,31,0,0
BRDA:267,31,1,0
BRDA:269,32,0,0
BRDA:269,32,1,0
BRDA:296,33,0,0
BRDA:296,33,1,0
BRDA:298,34,0,0
BRDA:298,34,1,0
BRF:79
BRH:0
end_of_record
TN:
SF:src/components/stories/StoryEditor.tsx
FN:40,(anonymous_0)
FN:60,(anonymous_1)
FN:63,(anonymous_2)
FN:82,(anonymous_3)
FN:85,(anonymous_4)
FN:93,(anonymous_5)
FN:94,(anonymous_6)
FN:97,(anonymous_7)
FN:101,(anonymous_8)
FN:102,(anonymous_9)
FN:105,(anonymous_10)
FN:121,(anonymous_11)
FN:143,(anonymous_12)
FN:147,(anonymous_13)
FN:150,(anonymous_14)
FN:183,(anonymous_15)
FN:188,(anonymous_16)
FN:210,(anonymous_17)
FN:213,(anonymous_18)
FN:237,(anonymous_19)
FN:249,(anonymous_20)
FN:262,(anonymous_21)
FN:295,(anonymous_22)
FN:298,(anonymous_23)
FNF:24
FNH:0
FNDA:0,(anonymous_0)
FNDA:0,(anonymous_1)
FNDA:0,(anonymous_2)
FNDA:0,(anonymous_3)
FNDA:0,(anonymous_4)
FNDA:0,(anonymous_5)
FNDA:0,(anonymous_6)
FNDA:0,(anonymous_7)
FNDA:0,(anonymous_8)
FNDA:0,(anonymous_9)
FNDA:0,(anonymous_10)
FNDA:0,(anonymous_11)
FNDA:0,(anonymous_12)
FNDA:0,(anonymous_13)
FNDA:0,(anonymous_14)
FNDA:0,(anonymous_15)
FNDA:0,(anonymous_16)
FNDA:0,(anonymous_17)
FNDA:0,(anonymous_18)
FNDA:0,(anonymous_19)
FNDA:0,(anonymous_20)
FNDA:0,(anonymous_21)
FNDA:0,(anonymous_22)
FNDA:0,(anonymous_23)
DA:26,0
DA:36,0
DA:40,0
DA:46,0
DA:47,0
DA:48,0
DA:49,0
DA:50,0
DA:51,0
DA:52,0
DA:53,0
DA:54,0
DA:56,0
DA:57,0
DA:60,0
DA:61,0
DA:63,0
DA:64,0
DA:73,0
DA:74,0
DA:75,0
DA:76,0
DA:78,0
DA:82,0
DA:85,0
DA:86,0
DA:87,0
DA:88,0
DA:89,0
DA:93,0
DA:94,0
DA:97,0
DA:98,0
DA:101,0
DA:102,0
DA:105,0
DA:106,0
DA:107,0
DA:108,0
DA:110,0
DA:111,0
DA:112,0
DA:114,0
DA:115,0
DA:116,0
DA:118,0
DA:121,0
DA:122,0
DA:124,0
DA:138,0
DA:139,0
DA:143,0
DA:144,0
DA:148,0
DA:150,0
DA:183,0
DA:184,0
DA:188,0
DA:211,0
DA:213,0
DA:237,0
DA:249,0
DA:262,0
DA:263,0
DA:296,0
DA:298,0
DA:314,0
LF:67
LH:0
BRDA:44,0,0,0
BRDA:46,1,0,0
BRDA:46,1,1,0
BRDA:47,2,0,0
BRDA:47,2,1,0
BRDA:48,3,0,0
BRDA:48,3,1,0
BRDA:49,4,0,0
BRDA:49,4,1,0
BRDA:51,5,0,0
BRDA:51,5,1,0
BRDA:53,6,0,0
BRDA:53,6,1,0
BRDA:61,7,0,0
BRDA:61,7,1,0
BRDA:61,8,0,0
BRDA:61,8,1,0
BRDA:61,8,2,0
BRDA:70,9,0,0
BRDA:70,9,1,0
BRDA:73,10,0,0
BRDA:73,10,1,0
BRDA:75,11,0,0
BRDA:75,11,1,0
BRDA:75,12,0,0
BRDA:75,12,1,0
BRDA:87,13,0,0
BRDA:87,13,1,0
BRDA:87,14,0,0
BRDA:87,14,1,0
BRDA:87,14,2,0
BRDA:106,15,0,0
BRDA:106,15,1,0
BRDA:110,16,0,0
BRDA:110,16,1,0
BRDA:114,17,0,0
BRDA:114,17,1,0
BRDA:114,18,0,0
BRDA:114,18,1,0
BRDA:114,18,2,0
BRDA:122,19,0,0
BRDA:122,19,1,0
BRDA:130,20,0,0
BRDA:130,20,1,0
BRDA:131,21,0,0
BRDA:131,21,1,0
BRDA:138,22,0,0
BRDA:138,22,1,0
BRDA:151,23,0,0
BRDA:151,23,1,0
BRDA:155,24,0,0
BRDA:155,24,1,0
BRDA:160,25,0,0
BRDA:160,25,1,0
BRDA:162,26,0,0
BRDA:162,26,1,0
BRDA:167,27,0,0
BRDA:167,27,1,0
BRDA:171,28,0,0
BRDA:171,28,1,0
BRDA:190,29,0,0
BRDA:190,29,1,0
BRDA:194,30,0,0
BRDA:194,30,1,0
BRDA:196,31,0,0
BRDA:196,31,1,0
BRDA:198,32,0,0
BRDA:198,32,1,0
BRDA:204,33,0,0
BRDA:204,33,1,0
BRDA:215,34,0,0
BRDA:215,34,1,0
BRDA:222,35,0,0
BRDA:222,35,1,0
BRDA:279,36,0,0
BRDA:279,36,1,0
BRDA:281,37,0,0
BRDA:281,37,1,0
BRDA:281,38,0,0
BRDA:281,38,1,0
BRDA:287,39,0,0
BRDA:287,39,1,0
BRDA:287,40,0,0
BRDA:287,40,1,0
BRDA:293,41,0,0
BRDA:293,41,1,0
BRDA:306,42,0,0
BRDA:306,42,1,0
BRDA:316,43,0,0
BRDA:316,43,1,0
BRDA:321,44,0,0
BRDA:321,44,1,0
BRDA:386,45,0,0
BRDA:386,45,1,0
BRDA:397,46,0,0
BRDA:397,46,1,0
BRDA:399,47,0,0
BRDA:399,47,1,0
BRDA:399,48,0,0
BRDA:399,48,1,0
BRF:100
BRH:0
end_of_record
TN:
SF:src/examples/AssessmentWithTelemetry.tsx
FN:78,(anonymous_0)
FN:118,(anonymous_1)
FN:125,(anonymous_2)
FN:141,(anonymous_3)
FN:154,(anonymous_4)
FN:162,(anonymous_5)
FN:165,(anonymous_6)
FN:169,(anonymous_7)
FN:206,(anonymous_8)
FN:227,(anonymous_9)
FN:236,(anonymous_10)
FN:245,(anonymous_11)
FN:248,(anonymous_12)
FN:255,(anonymous_13)
FN:274,(anonymous_14)
FN:292,(anonymous_15)
FN:305,(anonymous_16)
FN:306,(anonymous_17)
FN:340,(anonymous_18)
FN:357,(anonymous_19)
FN:416,(anonymous_20)
FN:463,(anonymous_21)
FN:471,(anonymous_22)
FNF:23
FNH:0
FNDA:0,(anonymous_0)
FNDA:0,(anonymous_1)
FNDA:0,(anonymous_2)
FNDA:0,(anonymous_3)
FNDA:0,(anonymous_4)
FNDA:0,(anonymous_5)
FNDA:0,(anonymous_6)
FNDA:0,(anonymous_7)
FNDA:0,(anonymous_8)
FNDA:0,(anonymous_9)
FNDA:0,(anonymous_10)
FNDA:0,(anonymous_11)
FNDA:0,(anonymous_12)
FNDA:0,(anonymous_13)
FNDA:0,(anonymous_14)
FNDA:0,(anonymous_15)
FNDA:0,(anonymous_16)
FNDA:0,(anonymous_17)
FNDA:0,(anonymous_18)
FNDA:0,(anonymous_19)
FNDA:0,(anonymous_20)
FNDA:0,(anonymous_21)
FNDA:0,(anonymous_22)
DA:29,0
DA:62,0
DA:78,0
DA:83,0
DA:84,0
DA:85,0
DA:86,0
DA:87,0
DA:88,0
DA:89,0
DA:90,0
DA:91,0
DA:93,0
DA:94,0
DA:106,0
DA:113,0
DA:114,0
DA:115,0
DA:118,0
DA:119,0
DA:120,0
DA:125,0
DA:126,0
DA:127,0
DA:130,0
DA:131,0
DA:135,0
DA:136,0
DA:141,0
DA:142,0
DA:143,0
DA:145,0
DA:154,0
DA:155,0
DA:157,0
DA:158,0
DA:159,0
DA:162,0
DA:164,0
DA:165,0
DA:168,0
DA:169,0
DA:176,0
DA:177,0
DA:178,0
DA:189,0
DA:206,0
DA:207,0
DA:208,0
DA:209,0
DA:212,0
DA:213,0
DA:215,0
DA:216,0
DA:217,0
DA:220,0
DA:221,0
DA:223,0
DA:224,0
DA:227,0
DA:236,0
DA:237,0
DA:238,0
DA:239,0
DA:240,0
DA:245,0
DA:246,0
DA:247,0
DA:248,0
DA:251,0
DA:252,0
DA:255,0
DA:261,0
DA:262,0
DA:265,0
DA:267,0
DA:268,0
DA:274,0
DA:275,0
DA:277,0
DA:278,0
DA:281,0
DA:284,0
DA:288,0
DA:289,0
DA:292,0
DA:301,0
DA:302,0
DA:305,0
DA:307,0
DA:308,0
DA:309,0
DA:316,0
DA:317,0
DA:342,0
DA:343,0
DA:344,0
DA:345,0
DA:346,0
DA:347,0
DA:348,0
DA:357,0
DA:370,0
DA:371,0
DA:416,0
DA:427,0
DA:464,0
DA:471,0
LF:108
LH:0
BRDA:81,0,0,0
BRDA:119,1,0,0
BRDA:119,1,1,0
BRDA:119,2,0,0
BRDA:119,2,1,0
BRDA:130,3,0,0
BRDA:130,3,1,0
BRDA:135,4,0,0
BRDA:135,4,1,0
BRDA:143,5,0,0
BRDA:143,5,1,0
BRDA:143,6,0,0
BRDA:143,6,1,0
BRDA:155,7,0,0
BRDA:155,7,1,0
BRDA:159,8,0,0
BRDA:159,8,1,0
BRDA:164,9,0,0
BRDA:164,9,1,0
BRDA:168,10,0,0
BRDA:168,10,1,0
BRDA:176,11,0,0
BRDA:176,11,1,0
BRDA:177,12,0,0
BRDA:177,12,1,0
BRDA:207,13,0,0
BRDA:207,13,1,0
BRDA:212,14,0,0
BRDA:212,14,1,0
BRDA:223,15,0,0
BRDA:223,15,1,0
BRDA:237,16,0,0
BRDA:237,16,1,0
BRDA:261,17,0,0
BRDA:261,17,1,0
BRDA:267,18,0,0
BRDA:267,18,1,0
BRDA:277,19,0,0
BRDA:277,19,1,0
BRDA:288,20,0,0
BRDA:288,20,1,0
BRDA:301,21,0,0
BRDA:301,21,1,0
BRDA:301,22,0,0
BRDA:301,22,1,0
BRDA:316,23,0,0
BRDA:316,23,1,0
BRDA:330,24,0,0
BRDA:330,24,1,0
BRDA:354,25,0,0
BRDA:354,25,1,0
BRDA:370,26,0,0
BRDA:370,26,1,0
BRDA:391,27,0,0
BRDA:391,27,1,0
BRDA:392,28,0,0
BRDA:392,28,1,0
BRDA:396,29,0,0
BRDA:396,29,1,0
BRDA:397,30,0,0
BRDA:397,30,1,0
BRDA:400,31,0,0
BRDA:400,31,1,0
BRDA:401,32,0,0
BRDA:401,32,1,0
BRDA:437,33,0,0
BRDA:437,33,1,0
BRDA:467,34,0,0
BRDA:467,34,1,0
BRDA:475,35,0,0
BRDA:475,35,1,0
BRDA:481,36,0,0
BRDA:481,36,1,0
BRDA:489,37,0,0
BRDA:489,37,1,0
BRDA:501,38,0,0
BRDA:501,38,1,0
BRDA:515,39,0,0
BRDA:515,39,1,0
BRDA:523,40,0,0
BRDA:523,40,1,0
BRDA:533,41,0,0
BRDA:533,41,1,0
BRDA:541,42,0,0
BRDA:541,42,1,0
BRDA:545,43,0,0
BRDA:545,43,1,0
BRF:87
BRH:0
end_of_record
TN:
SF:src/hooks/usePremiumFeatures.ts
FN:9,(anonymous_0)
FN:19,(anonymous_1)
FN:28,(anonymous_2)
FN:36,(anonymous_3)
FN:58,(anonymous_4)
FN:59,(anonymous_5)
FN:62,(anonymous_6)
FN:63,(anonymous_7)
FN:98,(anonymous_8)
FN:107,(anonymous_9)
FN:110,(anonymous_10)
FN:113,(anonymous_11)
FN:132,(anonymous_12)
FN:138,(anonymous_13)
FN:141,(anonymous_14)
FNF:15
FNH:0
FNDA:0,(anonymous_0)
FNDA:0,(anonymous_1)
FNDA:0,(anonymous_2)
FNDA:0,(anonymous_3)
FNDA:0,(anonymous_4)
FNDA:0,(anonymous_5)
FNDA:0,(anonymous_6)
FNDA:0,(anonymous_7)
FNDA:0,(anonymous_8)
FNDA:0,(anonymous_9)
FNDA:0,(anonymous_10)
FNDA:0,(anonymous_11)
FNDA:0,(anonymous_12)
FNDA:0,(anonymous_13)
FNDA:0,(anonymous_14)
DA:9,0
DA:10,0
DA:17,0
DA:19,0
DA:20,0
DA:22,0
DA:28,0
DA:29,0
DA:36,0
DA:41,0
DA:43,0
DA:44,0
DA:46,0
DA:47,0
DA:49,0
DA:52,0
DA:55,0
DA:58,0
DA:59,0
DA:62,0
DA:63,0
DA:66,0
DA:67,0
DA:68,0
DA:70,0
DA:98,0
DA:99,0
DA:101,0
DA:102,0
DA:103,0
DA:104,0
DA:105,0
DA:107,0
DA:108,0
DA:110,0
DA:111,0
DA:113,0
DA:114,0
DA:116,0
DA:132,0
DA:133,0
DA:135,0
DA:136,0
DA:138,0
DA:139,0
DA:141,0
DA:142,0
DA:144,0
LF:48
LH:0
BRDA:24,0,0,0
BRDA:24,0,1,0
BRDA:43,1,0,0
BRDA:43,1,1,0
BRDA:46,2,0,0
BRDA:46,2,1,0
BRF:6
BRH:0
end_of_record
TN:
SF:src/hooks/usePushNotifications.ts
FN:10,(anonymous_0)
FN:17,(anonymous_1)
FN:23,(anonymous_2)
FN:30,(anonymous_3)
FN:43,(anonymous_4)
FN:55,(anonymous_5)
FN:61,(anonymous_6)
FN:105,(anonymous_7)
FN:119,(anonymous_8)
FNF:9
FNH:0
FNDA:0,(anonymous_0)
FNDA:0,(anonymous_1)
FNDA:0,(anonymous_2)
FNDA:0,(anonymous_3)
FNDA:0,(anonymous_4)
FNDA:0,(anonymous_5)
FNDA:0,(anonymous_6)
FNDA:0,(anonymous_7)
FNDA:0,(anonymous_8)
DA:9,0
DA:10,0
DA:17,0
DA:18,0
DA:19,0
DA:20,0
DA:21,0
DA:23,0
DA:24,0
DA:26,0
DA:29,0
DA:31,0
DA:33,0
DA:35,0
DA:36,0
DA:42,0
DA:44,0
DA:45,0
DA:47,0
DA:49,0
DA:55,0
DA:56,0
DA:57,0
DA:61,0
DA:62,0
DA:63,0
DA:64,0
DA:67,0
DA:68,0
DA:70,0
DA:71,0
DA:72,0
DA:75,0
DA:76,0
DA:77,0
DA:80,0
DA:84,0
DA:85,0
DA:92,0
DA:102,0
DA:105,0
DA:106,0
DA:108,0
DA:119,0
DA:120,0
DA:122,0
DA:132,0
LF:47
LH:0
BRDA:24,0,0,0
BRDA:24,0,1,0
BRDA:33,1,0,0
BRDA:33,1,1,0
BRDA:35,2,0,0
BRDA:35,2,1,0
BRDA:47,3,0,0
BRDA:47,3,1,0
BRDA:49,4,0,0
BRDA:49,4,1,0
BRDA:62,5,0,0
BRDA:62,5,1,0
BRDA:70,6,0,0
BRDA:70,6,1,0
BRDA:75,7,0,0
BRDA:75,7,1,0
BRDA:84,8,0,0
BRDA:84,8,1,0
BRDA:106,9,0,0
BRDA:106,9,1,0
BRDA:120,10,0,0
BRDA:120,10,1,0
BRDA:125,11,0,0
BRDA:125,11,1,0
BRF:24
BRH:0
end_of_record
TN:
SF:src/hooks/useResearchIntegration.ts
FN:12,(anonymous_0)
FN:19,(anonymous_1)
FN:38,(anonymous_2)
FN:61,(anonymous_3)
FN:84,(anonymous_4)
FN:105,(anonymous_5)
FNF:6
FNH:0
FNDA:0,(anonymous_0)
FNDA:0,(anonymous_1)
FNDA:0,(anonymous_2)
FNDA:0,(anonymous_3)
FNDA:0,(anonymous_4)
FNDA:0,(anonymous_5)
DA:12,0
DA:13,0
DA:14,0
DA:19,0
DA:20,0
DA:22,0
DA:23,0
DA:24,0
DA:27,0
DA:28,0
DA:31,0
DA:38,0
DA:39,0
DA:41,0
DA:42,0
DA:47,0
DA:50,0
DA:51,0
DA:54,0
DA:61,0
DA:62,0
DA:64,0
DA:65,0
DA:70,0
DA:73,0
DA:74,0
DA:77,0
DA:84,0
DA:85,0
DA:87,0
DA:88,0
DA:93,0
DA:96,0
DA:97,0
DA:100,0
DA:105,0
DA:106,0
DA:107,0
DA:109,0
DA:110,0
DA:112,0
DA:113,0
DA:118,0
LF:43
LH:0
BRDA:20,0,0,0
BRDA:20,0,1,0
BRDA:20,1,0,0
BRDA:20,1,1,0
BRDA:27,2,0,0
BRDA:27,2,1,0
BRDA:39,3,0,0
BRDA:39,3,1,0
BRDA:39,4,0,0
BRDA:39,4,1,0
BRDA:50,5,0,0
BRDA:50,5,1,0
BRDA:62,6,0,0
BRDA:62,6,1,0
BRDA:62,7,0,0
BRDA:62,7,1,0
BRDA:73,8,0,0
BRDA:73,8,1,0
BRDA:85,9,0,0
BRDA:85,9,1,0
BRDA:85,10,0,0
BRDA:85,10,1,0
BRDA:96,11,0,0
BRDA:96,11,1,0
BRDA:106,12,0,0
BRDA:106,12,1,0
BRDA:106,13,0,0
BRDA:106,13,1,0
BRDA:112,14,0,0
BRDA:112,14,1,0
BRF:30
BRH:0
end_of_record
TN:
SF:src/hooks/useTelemetryIntegration.ts
FN:28,(anonymous_0)
FN:51,(anonymous_1)
FN:58,(anonymous_2)
FN:80,(anonymous_3)
FN:102,(anonymous_4)
FN:143,(anonymous_5)
FN:184,(anonymous_6)
FN:194,(anonymous_7)
FN:197,(anonymous_8)
FN:220,(anonymous_9)
FN:227,(anonymous_10)
FN:264,(anonymous_11)
FN:297,(anonymous_12)
FN:346,(anonymous_13)
FN:351,(anonymous_14)
FN:391,(anonymous_15)
FN:404,(anonymous_16)
FN:421,(anonymous_17)
FN:440,(anonymous_18)
FN:465,(anonymous_19)
FN:481,(anonymous_20)
FN:486,(anonymous_21)
FN:491,(anonymous_22)
FNF:23
FNH:0
FNDA:0,(anonymous_0)
FNDA:0,(anonymous_1)
FNDA:0,(anonymous_2)
FNDA:0,(anonymous_3)
FNDA:0,(anonymous_4)
FNDA:0,(anonymous_5)
FNDA:0,(anonymous_6)
FNDA:0,(anonymous_7)
FNDA:0,(anonymous_8)
FNDA:0,(anonymous_9)
FNDA:0,(anonymous_10)
FNDA:0,(anonymous_11)
FNDA:0,(anonymous_12)
FNDA:0,(anonymous_13)
FNDA:0,(anonymous_14)
FNDA:0,(anonymous_15)
FNDA:0,(anonymous_16)
FNDA:0,(anonymous_17)
FNDA:0,(anonymous_18)
FNDA:0,(anonymous_19)
FNDA:0,(anonymous_20)
FNDA:0,(anonymous_21)
FNDA:0,(anonymous_22)
DA:28,0
DA:37,0
DA:39,0
DA:40,0
DA:41,0
DA:42,0
DA:51,0
DA:52,0
DA:53,0
DA:58,0
DA:59,0
DA:61,0
DA:63,0
DA:64,0
DA:73,0
DA:75,0
DA:80,0
DA:81,0
DA:83,0
DA:85,0
DA:86,0
DA:95,0
DA:97,0
DA:102,0
DA:108,0
DA:110,0
DA:112,0
DA:113,0
DA:125,0
DA:134,0
DA:136,0
DA:138,0
DA:143,0
DA:148,0
DA:150,0
DA:152,0
DA:153,0
DA:164,0
DA:165,0
DA:177,0
DA:179,0
DA:184,0
DA:191,0
DA:193,0
DA:194,0
DA:195,0
DA:197,0
DA:199,0
DA:200,0
DA:211,0
DA:213,0
DA:215,0
DA:220,0
DA:224,0
DA:226,0
DA:227,0
DA:228,0
DA:230,0
DA:231,0
DA:247,0
DA:248,0
DA:252,0
DA:257,0
DA:259,0
DA:264,0
DA:270,0
DA:272,0
DA:274,0
DA:277,0
DA:278,0
DA:286,0
DA:287,0
DA:295,0
DA:296,0
DA:297,0
DA:298,0
DA:302,0
DA:303,0
DA:304,0
DA:313,0
DA:314,0
DA:328,0
DA:329,0
DA:341,0
DA:346,0
DA:347,0
DA:349,0
DA:351,0
DA:352,0
DA:353,0
DA:363,0
DA:366,0
DA:367,0
DA:369,0
DA:373,0
DA:375,0
DA:378,0
DA:381,0
DA:384,0
DA:385,0
DA:388,0
DA:389,0
DA:391,0
DA:403,0
DA:404,0
DA:420,0
DA:421,0
DA:437,0
DA:440,0
DA:441,0
DA:453,0
DA:454,0
DA:460,0
DA:465,0
DA:470,0
DA:472,0
DA:473,0
DA:474,0
DA:476,0
DA:481,0
DA:482,0
DA:486,0
DA:487,0
DA:491,0
DA:492,0
DA:493,0
DA:494,0
DA:495,0
DA:498,0
LF:129
LH:0
BRDA:52,0,0,0
BRDA:52,0,1,0
BRDA:52,1,0,0
BRDA:52,1,1,0
BRDA:59,2,0,0
BRDA:59,2,1,0
BRDA:59,3,0,0
BRDA:59,3,1,0
BRDA:81,4,0,0
BRDA:81,4,1,0
BRDA:105,5,0,0
BRDA:108,6,0,0
BRDA:108,6,1,0
BRDA:148,7,0,0
BRDA:148,7,1,0
BRDA:164,8,0,0
BRDA:164,8,1,0
BRDA:166,9,0,0
BRDA:166,9,1,0
BRDA:191,10,0,0
BRDA:191,10,1,0
BRDA:224,11,0,0
BRDA:224,11,1,0
BRDA:224,12,0,0
BRDA:224,12,1,0
BRDA:232,13,0,0
BRDA:232,13,1,0
BRDA:239,14,0,0
BRDA:239,14,1,0
BRDA:247,15,0,0
BRDA:247,15,1,0
BRDA:247,16,0,0
BRDA:247,16,1,0
BRDA:270,17,0,0
BRDA:270,17,1,0
BRDA:277,18,0,0
BRDA:277,18,1,0
BRDA:280,19,0,0
BRDA:280,19,1,0
BRDA:286,20,0,0
BRDA:286,20,1,0
BRDA:295,21,0,0
BRDA:295,21,1,0
BRDA:298,22,0,0
BRDA:298,22,1,0
BRDA:303,23,0,0
BRDA:303,23,1,0
BRDA:303,24,0,0
BRDA:303,24,1,0
BRDA:328,25,0,0
BRDA:328,25,1,0
BRDA:347,26,0,0
BRDA:347,26,1,0
BRDA:347,27,0,0
BRDA:347,27,1,0
BRDA:352,28,0,0
BRDA:352,28,1,0
BRDA:359,29,0,0
BRDA:359,29,1,0
BRDA:364,30,0,0
BRDA:364,30,1,0
BRDA:375,31,0,0
BRDA:375,31,1,0
BRDA:388,32,0,0
BRDA:388,32,1,0
BRDA:391,33,0,0
BRDA:391,33,1,0
BRDA:411,34,0,0
BRDA:411,34,1,0
BRDA:415,35,0,0
BRDA:415,35,1,0
BRDA:428,36,0,0
BRDA:428,36,1,0
BRDA:432,37,0,0
BRDA:432,37,1,0
BRDA:468,38,0,0
BRDA:470,39,0,0
BRDA:470,39,1,0
BRDA:470,40,0,0
BRDA:470,40,1,0
BRDA:482,41,0,0
BRDA:482,41,1,0
BRDA:482,41,2,0
BRF:83
BRH:0
end_of_record
TN:
SF:src/hooks/useTwintuition.tsx
FN:15,(anonymous_0)
FN:32,(anonymous_1)
FN:33,(anonymous_2)
FN:51,(anonymous_3)
FN:54,(anonymous_4)
FN:73,(anonymous_5)
FN:77,(anonymous_6)
FN:80,(anonymous_7)
FN:81,(anonymous_8)
FN:95,(anonymous_9)
FN:99,(anonymous_10)
FN:102,(anonymous_11)
FN:115,(anonymous_12)
FN:119,(anonymous_13)
FN:129,(anonymous_14)
FN:139,(anonymous_15)
FN:158,(anonymous_16)
FN:175,(anonymous_17)
FN:180,(anonymous_18)
FN:185,(anonymous_19)
FN:200,(anonymous_20)
FN:209,(anonymous_21)
FN:221,(anonymous_22)
FN:226,(anonymous_23)
FN:227,(anonymous_24)
FN:262,(anonymous_25)
FN:268,(anonymous_26)
FN:279,(anonymous_27)
FN:289,(anonymous_28)
FN:290,(anonymous_29)
FN:296,(anonymous_30)
FN:300,(anonymous_31)
FN:305,(anonymous_32)
FN:310,(anonymous_33)
FN:317,(anonymous_34)
FNF:35
FNH:0
FNDA:0,(anonymous_0)
FNDA:0,(anonymous_1)
FNDA:0,(anonymous_2)
FNDA:0,(anonymous_3)
FNDA:0,(anonymous_4)
FNDA:0,(anonymous_5)
FNDA:0,(anonymous_6)
FNDA:0,(anonymous_7)
FNDA:0,(anonymous_8)
FNDA:0,(anonymous_9)
FNDA:0,(anonymous_10)
FNDA:0,(anonymous_11)
FNDA:0,(anonymous_12)
FNDA:0,(anonymous_13)
FNDA:0,(anonymous_14)
FNDA:0,(anonymous_15)
FNDA:0,(anonymous_16)
FNDA:0,(anonymous_17)
FNDA:0,(anonymous_18)
FNDA:0,(anonymous_19)
FNDA:0,(anonymous_20)
FNDA:0,(anonymous_21)
FNDA:0,(anonymous_22)
FNDA:0,(anonymous_23)
FNDA:0,(anonymous_24)
FNDA:0,(anonymous_25)
FNDA:0,(anonymous_26)
FNDA:0,(anonymous_27)
FNDA:0,(anonymous_28)
FNDA:0,(anonymous_29)
FNDA:0,(anonymous_30)
FNDA:0,(anonymous_31)
FNDA:0,(anonymous_32)
FNDA:0,(anonymous_33)
FNDA:0,(anonymous_34)
DA:15,0
DA:20,0
DA:22,0
DA:23,0
DA:25,0
DA:26,0
DA:27,0
DA:28,0
DA:29,0
DA:32,0
DA:33,0
DA:34,0
DA:35,0
DA:36,0
DA:39,0
DA:40,0
DA:43,0
DA:47,0
DA:51,0
DA:52,0
DA:54,0
DA:55,0
DA:57,0
DA:60,0
DA:61,0
DA:63,0
DA:65,0
DA:68,0
DA:71,0
DA:73,0
DA:77,0
DA:78,0
DA:80,0
DA:81,0
DA:82,0
DA:83,0
DA:84,0
DA:85,0
DA:90,0
DA:93,0
DA:95,0
DA:99,0
DA:100,0
DA:102,0
DA:103,0
DA:104,0
DA:106,0
DA:107,0
DA:109,0
DA:115,0
DA:119,0
DA:120,0
DA:122,0
DA:123,0
DA:125,0
DA:129,0
DA:130,0
DA:132,0
DA:133,0
DA:135,0
DA:139,0
DA:140,0
DA:142,0
DA:143,0
DA:154,0
DA:158,0
DA:159,0
DA:161,0
DA:162,0
DA:170,0
DA:175,0
DA:176,0
DA:177,0
DA:180,0
DA:181,0
DA:182,0
DA:185,0
DA:186,0
DA:187,0
DA:188,0
DA:189,0
DA:190,0
DA:194,0
DA:195,0
DA:196,0
DA:200,0
DA:201,0
DA:202,0
DA:204,0
DA:205,0
DA:209,0
DA:210,0
DA:211,0
DA:212,0
DA:213,0
DA:215,0
DA:216,0
DA:221,0
DA:222,0
DA:223,0
DA:226,0
DA:227,0
DA:228,0
DA:229,0
DA:234,0
DA:263,0
DA:270,0
DA:279,0
DA:280,0
DA:281,0
DA:289,0
DA:290,0
DA:291,0
DA:292,0
DA:293,0
DA:294,0
DA:296,0
DA:297,0
DA:300,0
DA:301,0
DA:305,0
DA:306,0
DA:307,0
DA:310,0
DA:311,0
DA:316,0
DA:317,0
DA:318,0
DA:321,0
DA:322,0
DA:323,0
DA:324,0
DA:326,0
DA:327,0
DA:328,0
DA:330,0
DA:334,0
DA:343,0
DA:346,0
LF:139
LH:0
BRDA:15,0,0,0
BRDA:17,1,0,0
BRDA:18,2,0,0
BRDA:19,3,0,0
BRDA:39,4,0,0
BRDA:39,4,1,0
BRDA:39,5,0,0
BRDA:39,5,1,0
BRDA:52,6,0,0
BRDA:52,6,1,0
BRDA:52,7,0,0
BRDA:52,7,1,0
BRDA:55,8,0,0
BRDA:55,8,1,0
BRDA:55,9,0,0
BRDA:55,9,1,0
BRDA:60,10,0,0
BRDA:60,10,1,0
BRDA:60,11,0,0
BRDA:60,11,1,0
BRDA:63,12,0,0
BRDA:63,12,1,0
BRDA:78,13,0,0
BRDA:78,13,1,0
BRDA:78,14,0,0
BRDA:78,14,1,0
BRDA:82,15,0,0
BRDA:82,15,1,0
BRDA:82,16,0,0
BRDA:82,16,1,0
BRDA:100,17,0,0
BRDA:100,17,1,0
BRDA:106,18,0,0
BRDA:106,18,1,0
BRDA:107,19,0,0
BRDA:107,19,1,0
BRDA:120,20,0,0
BRDA:120,20,1,0
BRDA:120,21,0,0
BRDA:120,21,1,0
BRDA:129,22,0,0
BRDA:130,23,0,0
BRDA:130,23,1,0
BRDA:130,24,0,0
BRDA:130,24,1,0
BRDA:139,25,0,0
BRDA:140,26,0,0
BRDA:140,26,1,0
BRDA:140,27,0,0
BRDA:140,27,1,0
BRDA:150,28,0,0
BRDA:150,28,1,0
BRDA:158,29,0,0
BRDA:159,30,0,0
BRDA:159,30,1,0
BRDA:159,31,0,0
BRDA:159,31,1,0
BRDA:166,32,0,0
BRDA:166,32,1,0
BRDA:186,33,0,0
BRDA:186,33,1,0
BRDA:188,34,0,0
BRDA:188,34,1,0
BRDA:200,35,0,0
BRDA:228,36,0,0
BRDA:228,36,1,0
BRDA:306,37,0,0
BRDA:306,37,1,0
BRDA:311,38,0,0
BRDA:311,38,1,0
BRDA:326,39,0,0
BRDA:326,39,1,0
BRF:72
BRH:0
end_of_record
TN:
SF:src/hooks/games/useGameConfig.ts
FN:84,(anonymous_0)
FN:85,(anonymous_1)
FN:89,(anonymous_2)
FN:91,(anonymous_3)
FN:93,(anonymous_4)
FN:95,(anonymous_5)
FN:97,(anonymous_6)
FNF:7
FNH:0
FNDA:0,(anonymous_0)
FNDA:0,(anonymous_1)
FNDA:0,(anonymous_2)
FNDA:0,(anonymous_3)
FNDA:0,(anonymous_4)
FNDA:0,(anonymous_5)
FNDA:0,(anonymous_6)
DA:3,0
DA:48,0
DA:62,0
DA:72,0
DA:79,0
DA:84,0
DA:85,0
DA:86,0
DA:89,0
DA:91,0
DA:93,0
DA:95,0
DA:97,0
DA:98,0
DA:99,0
DA:100,0
DA:101,0
DA:102,0
DA:106,0
LF:19
LH:0
BRDA:98,0,0,0
BRDA:98,0,1,0
BRDA:98,0,2,0
BRDA:98,0,3,0
BRF:4
BRH:0
end_of_record
TN:
SF:src/navigation/AppNavigator.tsx
FN:89,(anonymous_0)
FN:90,(anonymous_1)
FN:93,(anonymous_2)
FN:121,(anonymous_3)
FN:122,(anonymous_4)
FN:151,(anonymous_5)
FN:152,(anonymous_6)
FN:159,(anonymous_7)
FN:161,(anonymous_8)
FN:169,(anonymous_9)
FN:175,(anonymous_10)
FN:178,(anonymous_11)
FN:190,(anonymous_12)
FN:216,(anonymous_13)
FN:219,(anonymous_14)
FNF:15
FNH:0
FNDA:0,(anonymous_0)
FNDA:0,(anonymous_1)
FNDA:0,(anonymous_2)
FNDA:0,(anonymous_3)
FNDA:0,(anonymous_4)
FNDA:0,(anonymous_5)
FNDA:0,(anonymous_6)
FNDA:0,(anonymous_7)
FNDA:0,(anonymous_8)
FNDA:0,(anonymous_9)
FNDA:0,(anonymous_10)
FNDA:0,(anonymous_11)
FNDA:0,(anonymous_12)
FNDA:0,(anonymous_13)
FNDA:0,(anonymous_14)
DA:41,0
DA:42,0
DA:89,0
DA:90,0
DA:91,0
DA:93,0
DA:94,0
DA:96,0
DA:98,0
DA:100,0
DA:102,0
DA:104,0
DA:106,0
DA:108,0
DA:110,0
DA:112,0
DA:116,0
DA:118,0
DA:121,0
DA:125,0
DA:126,0
DA:127,0
DA:128,0
DA:130,0
DA:133,0
DA:151,0
DA:152,0
DA:153,0
DA:154,0
DA:155,0
DA:156,0
DA:159,0
DA:161,0
DA:163,0
DA:164,0
DA:165,0
DA:169,0
DA:172,0
DA:176,0
DA:179,0
DA:180,0
DA:181,0
DA:183,0
DA:185,0
DA:188,0
DA:189,0
DA:190,0
DA:191,0
DA:192,0
DA:193,0
DA:194,0
DA:199,0
DA:202,0
DA:203,0
DA:204,0
DA:205,0
DA:206,0
DA:211,0
DA:217,0
LF:59
LH:0
BRDA:91,0,0,0
BRDA:91,0,1,0
BRDA:94,1,0,0
BRDA:94,1,1,0
BRDA:94,1,2,0
BRDA:94,1,3,0
BRDA:94,1,4,0
BRDA:94,1,5,0
BRDA:94,1,6,0
BRDA:94,1,7,0
BRDA:94,1,8,0
BRDA:125,2,0,0
BRDA:125,2,1,0
BRDA:126,3,0,0
BRDA:126,3,1,0
BRDA:127,4,0,0
BRDA:127,4,1,0
BRDA:128,5,0,0
BRDA:128,5,1,0
BRDA:164,6,0,0
BRDA:164,6,1,0
BRDA:183,7,0,0
BRDA:183,7,1,0
BRDA:183,8,0,0
BRDA:183,8,1,0
BRDA:188,9,0,0
BRDA:188,9,1,0
BRDA:202,10,0,0
BRDA:202,10,1,0
BRDA:214,11,0,0
BRDA:214,11,1,0
BRF:31
BRH:0
end_of_record
TN:
SF:src/navigation/TwintuitionNavigator.tsx
FN:13,(anonymous_0)
FNF:1
FNH:0
FNDA:0,(anonymous_0)
DA:11,0
DA:13,0
DA:14,0
LF:3
LH:0
BRF:0
BRH:0
end_of_record
TN:
SF:src/screens/ChatScreen.tsx
FN:8,(anonymous_0)
FN:9,(anonymous_1)
FNF:2
FNH:0
FNDA:0,(anonymous_0)
FNDA:0,(anonymous_1)
DA:8,0
DA:9,0
DA:10,0
DA:13,0
LF:4
LH:0
BRDA:10,0,0,0
BRDA:10,0,1,0
BRF:2
BRH:0
end_of_record
TN:
SF:src/screens/HomeScreen.tsx
FN:8,(anonymous_0)
FN:12,(anonymous_1)
FN:32,(anonymous_2)
FN:63,(anonymous_3)
FN:74,(anonymous_4)
FN:92,(anonymous_5)
FN:107,(anonymous_6)
FN:118,(anonymous_7)
FN:129,(anonymous_8)
FNF:9
FNH:0
FNDA:0,(anonymous_0)
FNDA:0,(anonymous_1)
FNDA:0,(anonymous_2)
FNDA:0,(anonymous_3)
FNDA:0,(anonymous_4)
FNDA:0,(anonymous_5)
FNDA:0,(anonymous_6)
FNDA:0,(anonymous_7)
FNDA:0,(anonymous_8)
DA:8,0
DA:9,0
DA:10,0
DA:12,0
DA:14,0
DA:32,0
DA:63,0
DA:74,0
DA:92,0
DA:107,0
DA:118,0
DA:129,0
LF:12
LH:0
BRDA:40,0,0,0
BRDA:40,0,1,0
BRDA:51,1,0,0
BRDA:51,1,1,0
BRDA:81,2,0,0
BRDA:81,2,1,0
BRDA:84,3,0,0
BRDA:84,3,1,0
BRF:8
BRH:0
end_of_record
TN:
SF:src/screens/InvitationAnalyticsScreen.tsx
FN:18,(anonymous_0)
FN:28,(anonymous_1)
FN:32,(anonymous_2)
FN:46,(anonymous_3)
FN:55,(anonymous_4)
FN:72,(anonymous_5)
FN:107,(anonymous_6)
FN:187,(anonymous_7)
FN:220,(anonymous_8)
FN:232,(anonymous_9)
FN:265,(anonymous_10)
FN:276,(anonymous_11)
FNF:12
FNH:0
FNDA:0,(anonymous_0)
FNDA:0,(anonymous_1)
FNDA:0,(anonymous_2)
FNDA:0,(anonymous_3)
FNDA:0,(anonymous_4)
FNDA:0,(anonymous_5)
FNDA:0,(anonymous_6)
FNDA:0,(anonymous_7)
FNDA:0,(anonymous_8)
FNDA:0,(anonymous_9)
FNDA:0,(anonymous_10)
FNDA:0,(anonymous_11)
DA:18,0
DA:19,0
DA:20,0
DA:21,0
DA:22,0
DA:24,0
DA:25,0
DA:26,0
DA:28,0
DA:29,0
DA:32,0
DA:33,0
DA:34,0
DA:35,0
DA:36,0
DA:37,0
DA:39,0
DA:42,0
DA:46,0
DA:47,0
DA:55,0
DA:56,0
DA:58,0
DA:60,0
DA:62,0
DA:64,0
DA:66,0
DA:68,0
DA:72,0
DA:73,0
DA:75,0
DA:77,0
DA:79,0
DA:81,0
DA:83,0
DA:85,0
DA:89,0
DA:90,0
DA:101,0
DA:107,0
DA:188,0
DA:220,0
DA:232,0
DA:265,0
DA:276,0
LF:45
LH:0
BRDA:24,0,0,0
BRDA:24,0,1,0
BRDA:35,1,0,0
BRDA:35,1,1,0
BRDA:56,2,0,0
BRDA:56,2,1,0
BRDA:56,2,2,0
BRDA:56,2,3,0
BRDA:56,2,4,0
BRDA:56,2,5,0
BRDA:73,3,0,0
BRDA:73,3,1,0
BRDA:73,3,2,0
BRDA:73,3,3,0
BRDA:73,3,4,0
BRDA:73,3,5,0
BRDA:89,4,0,0
BRDA:89,4,1,0
BRDA:161,5,0,0
BRDA:161,5,1,0
BRDA:178,6,0,0
BRDA:178,6,1,0
BRDA:200,7,0,0
BRDA:200,7,1,0
BRDA:200,7,2,0
BRDA:216,8,0,0
BRDA:216,8,1,0
BRDA:216,8,2,0
BRDA:218,9,0,0
BRDA:218,9,1,0
BRDA:230,10,0,0
BRDA:230,10,1,0
BRDA:244,11,0,0
BRDA:244,11,1,0
BRF:34
BRH:0
end_of_record
TN:
SF:src/screens/InvitationScreen.tsx
FN:47,(anonymous_0)
FN:88,(anonymous_1)
FN:89,(anonymous_2)
FN:94,(anonymous_3)
FN:109,(anonymous_4)
FN:118,(anonymous_5)
FN:119,(anonymous_6)
FN:124,(anonymous_7)
FN:150,(anonymous_8)
FN:163,(anonymous_9)
FN:164,(anonymous_10)
FN:193,(anonymous_11)
FN:211,(anonymous_12)
FN:215,(anonymous_13)
FN:224,(anonymous_14)
FN:238,(anonymous_15)
FN:244,(anonymous_16)
FN:251,(anonymous_17)
FN:258,(anonymous_18)
FN:262,(anonymous_19)
FN:283,(anonymous_20)
FN:294,(anonymous_21)
FN:309,(anonymous_22)
FN:325,(anonymous_23)
FN:342,(anonymous_24)
FN:359,(anonymous_25)
FN:401,(anonymous_26)
FN:402,(anonymous_27)
FN:417,(anonymous_28)
FN:466,(anonymous_29)
FN:481,(anonymous_30)
FN:540,(anonymous_31)
FN:555,(anonymous_32)
FN:592,(anonymous_33)
FN:592,(anonymous_34)
FN:630,(anonymous_35)
FN:657,(anonymous_36)
FNF:37
FNH:0
FNDA:0,(anonymous_0)
FNDA:0,(anonymous_1)
FNDA:0,(anonymous_2)
FNDA:0,(anonymous_3)
FNDA:0,(anonymous_4)
FNDA:0,(anonymous_5)
FNDA:0,(anonymous_6)
FNDA:0,(anonymous_7)
FNDA:0,(anonymous_8)
FNDA:0,(anonymous_9)
FNDA:0,(anonymous_10)
FNDA:0,(anonymous_11)
FNDA:0,(anonymous_12)
FNDA:0,(anonymous_13)
FNDA:0,(anonymous_14)
FNDA:0,(anonymous_15)
FNDA:0,(anonymous_16)
FNDA:0,(anonymous_17)
FNDA:0,(anonymous_18)
FNDA:0,(anonymous_19)
FNDA:0,(anonymous_20)
FNDA:0,(anonymous_21)
FNDA:0,(anonymous_22)
FNDA:0,(anonymous_23)
FNDA:0,(anonymous_24)
FNDA:0,(anonymous_25)
FNDA:0,(anonymous_26)
FNDA:0,(anonymous_27)
FNDA:0,(anonymous_28)
FNDA:0,(anonymous_29)
FNDA:0,(anonymous_30)
FNDA:0,(anonymous_31)
FNDA:0,(anonymous_32)
FNDA:0,(anonymous_33)
FNDA:0,(anonymous_34)
FNDA:0,(anonymous_35)
FNDA:0,(anonymous_36)
DA:47,0
DA:52,0
DA:53,0
DA:68,0
DA:70,0
DA:71,0
DA:72,0
DA:73,0
DA:75,0
DA:81,0
DA:83,0
DA:84,0
DA:85,0
DA:88,0
DA:89,0
DA:90,0
DA:91,0
DA:92,0
DA:93,0
DA:94,0
DA:97,0
DA:100,0
DA:105,0
DA:109,0
DA:110,0
DA:118,0
DA:119,0
DA:120,0
DA:124,0
DA:125,0
DA:126,0
DA:127,0
DA:130,0
DA:131,0
DA:132,0
DA:135,0
DA:136,0
DA:137,0
DA:140,0
DA:141,0
DA:147,0
DA:148,0
DA:150,0
DA:151,0
DA:152,0
DA:155,0
DA:158,0
DA:159,0
DA:163,0
DA:164,0
DA:166,0
DA:167,0
DA:169,0
DA:171,0
DA:182,0
DA:183,0
DA:185,0
DA:187,0
DA:194,0
DA:195,0
DA:201,0
DA:203,0
DA:204,0
DA:207,0
DA:208,0
DA:209,0
DA:211,0
DA:215,0
DA:216,0
DA:225,0
DA:226,0
DA:227,0
DA:228,0
DA:230,0
DA:238,0
DA:239,0
DA:240,0
DA:241,0
DA:244,0
DA:246,0
DA:247,0
DA:249,0
DA:251,0
DA:253,0
DA:256,0
DA:258,0
DA:262,0
DA:263,0
DA:283,0
DA:294,0
DA:309,0
DA:325,0
DA:342,0
DA:359,0
DA:401,0
DA:402,0
DA:403,0
DA:405,0
DA:407,0
DA:409,0
DA:411,0
DA:413,0
DA:417,0
DA:418,0
DA:420,0
DA:422,0
DA:424,0
DA:426,0
DA:428,0
DA:432,0
DA:467,0
DA:468,0
DA:481,0
DA:482,0
DA:483,0
DA:540,0
DA:555,0
DA:567,0
DA:592,0
DA:630,0
DA:631,0
DA:632,0
DA:633,0
DA:635,0
DA:644,0
DA:647,0
DA:658,0
DA:659,0
LF:128
LH:0
BRDA:48,0,0,0
BRDA:83,1,0,0
BRDA:83,1,1,0
BRDA:90,2,0,0
BRDA:90,2,1,0
BRDA:90,3,0,0
BRDA:90,3,1,0
BRDA:93,4,0,0
BRDA:93,4,1,0
BRDA:93,5,0,0
BRDA:93,5,1,0
BRDA:97,6,0,0
BRDA:97,6,1,0
BRDA:125,7,0,0
BRDA:125,7,1,0
BRDA:130,8,0,0
BRDA:130,8,1,0
BRDA:130,9,0,0
BRDA:130,9,1,0
BRDA:135,10,0,0
BRDA:135,10,1,0
BRDA:147,11,0,0
BRDA:147,11,1,0
BRDA:169,12,0,0
BRDA:169,12,1,0
BRDA:204,13,0,0
BRDA:204,13,1,0
BRDA:239,14,0,0
BRDA:239,14,1,0
BRDA:249,15,0,0
BRDA:249,15,1,0
BRDA:249,16,0,0
BRDA:249,16,1,0
BRDA:253,17,0,0
BRDA:253,17,1,0
BRDA:282,18,0,0
BRDA:282,18,1,0
BRDA:293,19,0,0
BRDA:293,19,1,0
BRDA:308,20,0,0
BRDA:308,20,1,0
BRDA:323,21,0,0
BRDA:323,21,1,0
BRDA:327,22,0,0
BRDA:327,22,1,0
BRDA:331,23,0,0
BRDA:331,23,1,0
BRDA:333,24,0,0
BRDA:333,24,1,0
BRDA:340,25,0,0
BRDA:340,25,1,0
BRDA:344,26,0,0
BRDA:344,26,1,0
BRDA:348,27,0,0
BRDA:348,27,1,0
BRDA:350,28,0,0
BRDA:350,28,1,0
BRDA:357,29,0,0
BRDA:357,29,1,0
BRDA:357,29,2,0
BRDA:361,30,0,0
BRDA:361,30,1,0
BRDA:365,31,0,0
BRDA:365,31,1,0
BRDA:367,32,0,0
BRDA:367,32,1,0
BRDA:376,33,0,0
BRDA:376,33,1,0
BRDA:384,34,0,0
BRDA:384,34,1,0
BRDA:386,35,0,0
BRDA:386,35,1,0
BRDA:386,36,0,0
BRDA:386,36,1,0
BRDA:388,37,0,0
BRDA:388,37,1,0
BRDA:388,38,0,0
BRDA:388,38,1,0
BRDA:390,39,0,0
BRDA:390,39,1,0
BRDA:403,40,0,0
BRDA:403,40,1,0
BRDA:403,40,2,0
BRDA:403,40,3,0
BRDA:403,40,4,0
BRDA:418,41,0,0
BRDA:418,41,1,0
BRDA:418,41,2,0
BRDA:418,41,3,0
BRDA:418,41,4,0
BRDA:451,42,0,0
BRDA:451,42,1,0
BRDA:457,43,0,0
BRDA:457,43,1,0
BRDA:457,43,2,0
BRDA:464,44,0,0
BRDA:464,44,1,0
BRDA:464,44,2,0
BRDA:473,45,0,0
BRDA:473,45,1,0
BRDA:482,46,0,0
BRDA:482,46,1,0
BRDA:545,47,0,0
BRDA:545,47,1,0
BRDA:602,48,0,0
BRDA:602,48,1,0
BRDA:610,49,0,0
BRDA:610,49,1,0
BRDA:612,50,0,0
BRDA:612,50,1,0
BRDA:612,51,0,0
BRDA:612,51,1,0
BRDA:615,52,0,0
BRDA:615,52,1,0
BRDA:615,53,0,0
BRDA:615,53,1,0
BRDA:618,54,0,0
BRDA:618,54,1,0
BRDA:631,55,0,0
BRDA:631,55,1,0
BRDA:632,56,0,0
BRDA:632,56,1,0
BRDA:632,57,0,0
BRDA:632,57,1,0
BRDA:632,57,2,0
BRDA:632,57,3,0
BRDA:651,58,0,0
BRDA:651,58,1,0
BRDA:667,59,0,0
BRDA:667,59,1,0
BRF:130
BRH:0
end_of_record
TN:
SF:src/screens/OnboardingScreen.tsx
FN:17,(anonymous_0)
FN:23,(anonymous_1)
FN:24,(anonymous_2)
FN:27,(anonymous_3)
FN:28,(anonymous_4)
FN:31,(anonymous_5)
FN:35,(anonymous_6)
FNF:7
FNH:0
FNDA:0,(anonymous_0)
FNDA:0,(anonymous_1)
FNDA:0,(anonymous_2)
FNDA:0,(anonymous_3)
FNDA:0,(anonymous_4)
FNDA:0,(anonymous_5)
FNDA:0,(anonymous_6)
DA:17,0
DA:20,0
DA:21,0
DA:23,0
DA:24,0
DA:27,0
DA:28,0
DA:31,0
DA:32,0
DA:35,0
DA:36,0
DA:39,0
DA:53,0
LF:13
LH:0
BRF:0
BRH:0
end_of_record
TN:
SF:src/screens/PairScreen.tsx
FN:12,(anonymous_0)
FN:22,(anonymous_1)
FN:29,(anonymous_2)
FN:35,(anonymous_3)
FN:52,(anonymous_4)
FN:88,(anonymous_5)
FN:99,(anonymous_6)
FN:105,(anonymous_7)
FN:126,(anonymous_8)
FN:146,(anonymous_9)
FN:151,(anonymous_10)
FN:212,(anonymous_11)
FN:223,(anonymous_12)
FN:231,(anonymous_13)
FN:233,(anonymous_14)
FN:237,(anonymous_15)
FN:247,(anonymous_16)
FN:275,(anonymous_17)
FN:279,(anonymous_18)
FN:292,(anonymous_19)
FN:301,(anonymous_20)
FN:302,(anonymous_21)
FN:304,(anonymous_22)
FNF:23
FNH:0
FNDA:0,(anonymous_0)
FNDA:0,(anonymous_1)
FNDA:0,(anonymous_2)
FNDA:0,(anonymous_3)
FNDA:0,(anonymous_4)
FNDA:0,(anonymous_5)
FNDA:0,(anonymous_6)
FNDA:0,(anonymous_7)
FNDA:0,(anonymous_8)
FNDA:0,(anonymous_9)
FNDA:0,(anonymous_10)
FNDA:0,(anonymous_11)
FNDA:0,(anonymous_12)
FNDA:0,(anonymous_13)
FNDA:0,(anonymous_14)
FNDA:0,(anonymous_15)
FNDA:0,(anonymous_16)
FNDA:0,(anonymous_17)
FNDA:0,(anonymous_18)
FNDA:0,(anonymous_19)
FNDA:0,(anonymous_20)
FNDA:0,(anonymous_21)
FNDA:0,(anonymous_22)
DA:12,0
DA:13,0
DA:14,0
DA:15,0
DA:16,0
DA:17,0
DA:18,0
DA:20,0
DA:22,0
DA:23,0
DA:24,0
DA:25,0
DA:26,0
DA:29,0
DA:30,0
DA:31,0
DA:32,0
DA:35,0
DA:36,0
DA:37,0
DA:38,0
DA:48,0
DA:52,0
DA:53,0
DA:54,0
DA:55,0
DA:56,0
DA:66,0
DA:68,0
DA:69,0
DA:81,0
DA:82,0
DA:83,0
DA:84,0
DA:85,0
DA:86,0
DA:88,0
DA:89,0
DA:90,0
DA:91,0
DA:99,0
DA:100,0
DA:101,0
DA:105,0
DA:107,0
DA:119,0
DA:120,0
DA:121,0
DA:122,0
DA:123,0
DA:126,0
DA:127,0
DA:128,0
DA:130,0
DA:142,0
DA:146,0
DA:147,0
DA:151,0
DA:152,0
DA:153,0
DA:154,0
DA:155,0
DA:158,0
DA:160,0
DA:161,0
DA:162,0
DA:164,0
DA:165,0
DA:166,0
DA:167,0
DA:170,0
DA:171,0
DA:174,0
DA:175,0
DA:176,0
DA:178,0
DA:179,0
DA:181,0
DA:182,0
DA:184,0
DA:186,0
DA:187,0
DA:188,0
DA:190,0
DA:191,0
DA:193,0
DA:194,0
DA:196,0
DA:199,0
DA:201,0
DA:202,0
DA:203,0
DA:205,0
DA:206,0
DA:208,0
DA:212,0
DA:213,0
DA:214,0
DA:215,0
DA:217,0
DA:218,0
DA:223,0
DA:224,0
DA:225,0
DA:226,0
DA:227,0
DA:231,0
DA:232,0
DA:233,0
DA:234,0
DA:237,0
DA:241,0
DA:247,0
DA:276,0
DA:277,0
DA:280,0
DA:281,0
DA:293,0
DA:294,0
DA:295,0
DA:296,0
DA:298,0
DA:301,0
DA:302,0
DA:304,0
LF:125
LH:0
BRDA:23,0,0,0
BRDA:23,0,1,0
BRDA:35,1,0,0
BRDA:37,2,0,0
BRDA:37,2,1,0
BRDA:68,3,0,0
BRDA:68,3,1,0
BRDA:109,4,0,0
BRDA:109,4,1,0
BRDA:110,5,0,0
BRDA:110,5,1,0
BRDA:111,6,0,0
BRDA:111,6,1,0
BRDA:111,7,0,0
BRDA:111,7,1,0
BRDA:112,8,0,0
BRDA:112,8,1,0
BRDA:113,9,0,0
BRDA:113,9,1,0
BRDA:114,10,0,0
BRDA:114,10,1,0
BRDA:164,11,0,0
BRDA:164,11,1,0
BRDA:174,12,0,0
BRDA:174,12,1,0
BRDA:186,13,0,0
BRDA:186,13,1,0
BRDA:232,14,0,0
BRDA:232,14,1,0
BRDA:232,15,0,0
BRDA:232,15,1,0
BRDA:232,15,2,0
BRDA:251,16,0,0
BRDA:251,16,1,0
BRDA:306,17,0,0
BRDA:306,17,1,0
BRDA:307,18,0,0
BRDA:307,18,1,0
BRDA:315,19,0,0
BRDA:315,19,1,0
BRDA:331,20,0,0
BRDA:331,20,1,0
BRDA:333,21,0,0
BRDA:333,21,1,0
BRDA:333,22,0,0
BRDA:333,22,1,0
BRF:46
BRH:0
end_of_record
TN:
SF:src/screens/PsychicGamesHub.tsx
FN:25,(anonymous_0)
FN:37,(anonymous_1)
FN:41,(anonymous_2)
FN:46,(anonymous_3)
FN:54,(anonymous_4)
FN:61,(anonymous_5)
FN:68,(anonymous_6)
FN:82,(anonymous_7)
FN:93,(anonymous_8)
FN:103,(anonymous_9)
FN:112,(anonymous_10)
FN:122,(anonymous_11)
FN:131,(anonymous_12)
FN:193,(anonymous_13)
FN:216,(anonymous_14)
FN:217,(anonymous_15)
FN:227,(anonymous_16)
FNF:17
FNH:0
FNDA:0,(anonymous_0)
FNDA:0,(anonymous_1)
FNDA:0,(anonymous_2)
FNDA:0,(anonymous_3)
FNDA:0,(anonymous_4)
FNDA:0,(anonymous_5)
FNDA:0,(anonymous_6)
FNDA:0,(anonymous_7)
FNDA:0,(anonymous_8)
FNDA:0,(anonymous_9)
FNDA:0,(anonymous_10)
FNDA:0,(anonymous_11)
FNDA:0,(anonymous_12)
FNDA:0,(anonymous_13)
FNDA:0,(anonymous_14)
FNDA:0,(anonymous_15)
FNDA:0,(anonymous_16)
DA:25,0
DA:26,0
DA:27,0
DA:28,0
DA:29,0
DA:31,0
DA:32,0
DA:34,0
DA:35,0
DA:37,0
DA:38,0
DA:39,0
DA:41,0
DA:43,0
DA:44,0
DA:46,0
DA:47,0
DA:54,0
DA:55,0
DA:61,0
DA:62,0
DA:68,0
DA:69,0
DA:71,0
DA:74,0
DA:75,0
DA:77,0
DA:79,0
DA:82,0
DA:83,0
DA:84,0
DA:88,0
DA:89,0
DA:93,0
DA:94,0
DA:95,0
DA:96,0
DA:97,0
DA:98,0
DA:99,0
DA:103,0
DA:104,0
DA:105,0
DA:106,0
DA:107,0
DA:108,0
DA:112,0
DA:114,0
DA:122,0
DA:131,0
DA:194,0
DA:217,0
DA:218,0
DA:224,0
DA:227,0
LF:55
LH:0
BRDA:31,0,0,0
BRDA:31,0,1,0
BRDA:57,1,0,0
BRDA:57,1,1,0
BRDA:69,2,0,0
BRDA:69,2,1,0
BRDA:94,3,0,0
BRDA:94,3,1,0
BRDA:94,3,2,0
BRDA:94,3,3,0
BRDA:94,3,4,0
BRDA:104,4,0,0
BRDA:104,4,1,0
BRDA:104,4,2,0
BRDA:104,4,3,0
BRDA:144,5,0,0
BRDA:144,5,1,0
BRDA:186,6,0,0
BRDA:186,6,1,0
BRDA:228,7,0,0
BRDA:228,7,1,0
BRDA:230,8,0,0
BRDA:230,8,1,0
BRDA:276,9,0,0
BRDA:276,9,1,0
BRDA:276,10,0,0
BRDA:276,10,1,0
BRDA:288,11,0,0
BRDA:288,11,1,0
BRDA:308,12,0,0
BRDA:308,12,1,0
BRF:31
BRH:0
end_of_record
TN:
SF:src/screens/ResearchScreen.tsx
FN:7,(anonymous_0)
FN:38,(anonymous_1)
FN:39,(anonymous_2)
FN:41,(anonymous_3)
FN:46,(anonymous_4)
FN:51,(anonymous_5)
FN:76,(anonymous_6)
FN:118,(anonymous_7)
FN:151,(anonymous_8)
FNF:9
FNH:0
FNDA:0,(anonymous_0)
FNDA:0,(anonymous_1)
FNDA:0,(anonymous_2)
FNDA:0,(anonymous_3)
FNDA:0,(anonymous_4)
FNDA:0,(anonymous_5)
FNDA:0,(anonymous_6)
FNDA:0,(anonymous_7)
FNDA:0,(anonymous_8)
DA:7,0
DA:8,0
DA:9,0
DA:11,0
DA:38,0
DA:39,0
DA:40,0
DA:41,0
DA:46,0
DA:47,0
DA:51,0
DA:52,0
DA:53,0
DA:56,0
DA:119,0
DA:151,0
LF:16
LH:0
BRDA:40,0,0,0
BRDA:40,0,1,0
BRDA:76,1,0,0
BRDA:76,1,1,0
BRDA:78,2,0,0
BRDA:78,2,1,0
BRDA:84,3,0,0
BRDA:84,3,1,0
BRDA:86,4,0,0
BRDA:86,4,1,0
BRDA:89,5,0,0
BRDA:89,5,1,0
BRDA:93,6,0,0
BRDA:93,6,1,0
BRDA:105,7,0,0
BRDA:105,7,1,0
BRDA:149,8,0,0
BRDA:149,8,1,0
BRDA:153,9,0,0
BRDA:153,9,1,0
BRDA:159,10,0,0
BRDA:159,10,1,0
BRDA:164,11,0,0
BRDA:164,11,1,0
BRDA:169,12,0,0
BRDA:169,12,1,0
BRDA:183,13,0,0
BRDA:183,13,1,0
BRDA:183,13,2,0
BRF:29
BRH:0
end_of_record
TN:
SF:src/screens/SettingsScreen.tsx
FN:9,(anonymous_0)
FN:18,(anonymous_1)
FN:27,(anonymous_2)
FN:36,(anonymous_3)
FN:40,(anonymous_4)
FN:45,(anonymous_5)
FN:69,(anonymous_6)
FN:80,(anonymous_7)
FN:125,(anonymous_8)
FN:157,(anonymous_9)
FN:222,(anonymous_10)
FN:237,(anonymous_11)
FN:252,(anonymous_12)
FN:307,(anonymous_13)
FNF:14
FNH:0
FNDA:0,(anonymous_0)
FNDA:0,(anonymous_1)
FNDA:0,(anonymous_2)
FNDA:0,(anonymous_3)
FNDA:0,(anonymous_4)
FNDA:0,(anonymous_5)
FNDA:0,(anonymous_6)
FNDA:0,(anonymous_7)
FNDA:0,(anonymous_8)
FNDA:0,(anonymous_9)
FNDA:0,(anonymous_10)
FNDA:0,(anonymous_11)
FNDA:0,(anonymous_12)
FNDA:0,(anonymous_13)
DA:9,0
DA:10,0
DA:11,0
DA:12,0
DA:14,0
DA:15,0
DA:16,0
DA:18,0
DA:19,0
DA:28,0
DA:29,0
DA:36,0
DA:37,0
DA:40,0
DA:41,0
DA:42,0
DA:45,0
DA:46,0
DA:48,0
DA:49,0
DA:51,0
DA:52,0
DA:54,0
DA:55,0
DA:56,0
DA:58,0
DA:59,0
DA:61,0
DA:64,0
DA:65,0
DA:66,0
DA:69,0
DA:70,0
DA:71,0
DA:74,0
DA:80,0
DA:125,0
DA:157,0
DA:222,0
DA:237,0
DA:252,0
DA:307,0
LF:42
LH:0
BRDA:12,0,0,0
BRDA:12,0,1,0
BRDA:46,1,0,0
BRDA:46,1,1,0
BRDA:46,2,0,0
BRDA:46,2,1,0
BRDA:49,3,0,0
BRDA:49,3,1,0
BRDA:55,4,0,0
BRDA:55,4,1,0
BRDA:55,5,0,0
BRDA:55,5,1,0
BRDA:55,5,2,0
BRDA:95,6,0,0
BRDA:95,6,1,0
BRDA:104,7,0,0
BRDA:104,7,1,0
BRDA:124,8,0,0
BRDA:124,8,1,0
BRDA:135,9,0,0
BRDA:135,9,1,0
BRDA:156,10,0,0
BRDA:156,10,1,0
BRDA:190,11,0,0
BRDA:190,11,1,0
BRDA:209,12,0,0
BRDA:209,12,1,0
BRDA:210,13,0,0
BRDA:210,13,1,0
BRDA:230,14,0,0
BRDA:230,14,1,0
BRDA:232,15,0,0
BRDA:232,15,1,0
BRDA:245,16,0,0
BRDA:245,16,1,0
BRDA:247,17,0,0
BRDA:247,17,1,0
BRF:37
BRH:0
end_of_record
TN:
SF:src/screens/SettingsScreen_Premium.tsx
FN:19,(anonymous_0)
FN:47,(anonymous_1)
FN:56,(anonymous_2)
FN:65,(anonymous_3)
FN:88,(anonymous_4)
FN:97,(anonymous_5)
FN:109,(anonymous_6)
FN:113,(anonymous_7)
FN:136,(anonymous_8)
FN:268,(anonymous_9)
FN:281,(anonymous_10)
FN:317,(anonymous_11)
FN:332,(anonymous_12)
FN:396,(anonymous_13)
FNF:14
FNH:0
FNDA:0,(anonymous_0)
FNDA:0,(anonymous_1)
FNDA:0,(anonymous_2)
FNDA:0,(anonymous_3)
FNDA:0,(anonymous_4)
FNDA:0,(anonymous_5)
FNDA:0,(anonymous_6)
FNDA:0,(anonymous_7)
FNDA:0,(anonymous_8)
FNDA:0,(anonymous_9)
FNDA:0,(anonymous_10)
FNDA:0,(anonymous_11)
FNDA:0,(anonymous_12)
FNDA:0,(anonymous_13)
DA:19,0
DA:20,0
DA:29,0
DA:35,0
DA:40,0
DA:42,0
DA:44,0
DA:45,0
DA:47,0
DA:48,0
DA:57,0
DA:58,0
DA:65,0
DA:66,0
DA:67,0
DA:68,0
DA:70,0
DA:71,0
DA:76,0
DA:82,0
DA:84,0
DA:88,0
DA:89,0
DA:90,0
DA:99,0
DA:105,0
DA:109,0
DA:110,0
DA:113,0
DA:114,0
DA:117,0
DA:136,0
DA:268,0
DA:281,0
DA:317,0
DA:332,0
DA:396,0
LF:37
LH:0
BRDA:44,0,0,0
BRDA:44,0,1,0
BRDA:70,1,0,0
BRDA:70,1,1,0
BRDA:82,2,0,0
BRDA:82,2,1,0
BRDA:89,3,0,0
BRDA:89,3,1,0
BRDA:114,4,0,0
BRDA:114,4,1,0
BRDA:158,5,0,0
BRDA:158,5,1,0
BRDA:162,6,0,0
BRDA:162,6,1,0
BRDA:169,7,0,0
BRDA:169,7,1,0
BRDA:172,8,0,0
BRDA:172,8,1,0
BRDA:194,9,0,0
BRDA:194,9,1,0
BRDA:236,10,0,0
BRDA:236,10,1,0
BRDA:255,11,0,0
BRDA:255,11,1,0
BRDA:256,12,0,0
BRDA:256,12,1,0
BRDA:274,13,0,0
BRDA:274,13,1,0
BRDA:300,14,0,0
BRDA:300,14,1,0
BRDA:302,15,0,0
BRDA:302,15,1,0
BRDA:303,16,0,0
BRDA:303,16,1,0
BRDA:325,17,0,0
BRDA:325,17,1,0
BRDA:327,18,0,0
BRDA:327,18,1,0
BRDA:340,19,0,0
BRDA:340,19,1,0
BRDA:342,20,0,0
BRDA:342,20,1,0
BRDA:384,21,0,0
BRDA:384,21,1,0
BRF:44
BRH:0
end_of_record
TN:
SF:src/screens/TwintuitionScreen.tsx
FN:10,(anonymous_0)
FN:17,(anonymous_1)
FN:45,(anonymous_2)
FN:59,(anonymous_3)
FN:68,(anonymous_4)
FN:84,(anonymous_5)
FN:100,(anonymous_6)
FN:103,(anonymous_7)
FN:174,(anonymous_8)
FN:179,(anonymous_9)
FN:204,(anonymous_10)
FN:207,(anonymous_11)
FNF:12
FNH:0
FNDA:0,(anonymous_0)
FNDA:0,(anonymous_1)
FNDA:0,(anonymous_2)
FNDA:0,(anonymous_3)
FNDA:0,(anonymous_4)
FNDA:0,(anonymous_5)
FNDA:0,(anonymous_6)
FNDA:0,(anonymous_7)
FNDA:0,(anonymous_8)
FNDA:0,(anonymous_9)
FNDA:0,(anonymous_10)
FNDA:0,(anonymous_11)
DA:10,0
DA:11,0
DA:12,0
DA:13,0
DA:14,0
DA:15,0
DA:17,0
DA:18,0
DA:20,0
DA:27,0
DA:30,0
DA:31,0
DA:32,0
DA:41,0
DA:42,0
DA:45,0
DA:46,0
DA:47,0
DA:48,0
DA:50,0
DA:51,0
DA:52,0
DA:53,0
DA:55,0
DA:59,0
DA:60,0
DA:61,0
DA:62,0
DA:63,0
DA:64,0
DA:68,0
DA:69,0
DA:70,0
DA:71,0
DA:72,0
DA:73,0
DA:77,0
DA:78,0
DA:84,0
DA:101,0
DA:103,0
DA:168,0
DA:174,0
DA:179,0
DA:205,0
DA:207,0
LF:46
LH:0
BRDA:18,0,0,0
BRDA:18,0,1,0
BRDA:35,1,0,0
BRDA:35,1,1,0
BRDA:50,2,0,0
BRDA:50,2,1,0
BRDA:52,3,0,0
BRDA:52,3,1,0
BRDA:60,4,0,0
BRDA:60,4,1,0
BRDA:60,4,2,0
BRDA:60,4,3,0
BRDA:69,5,0,0
BRDA:69,5,1,0
BRDA:69,5,2,0
BRDA:69,5,3,0
BRDA:77,6,0,0
BRDA:77,6,1,0
BRDA:105,7,0,0
BRDA:105,7,1,0
BRDA:119,8,0,0
BRDA:119,8,1,0
BRDA:153,9,0,0
BRDA:153,9,1,0
BRDA:192,10,0,0
BRDA:192,10,1,0
BRDA:209,11,0,0
BRDA:209,11,1,0
BRDA:226,12,0,0
BRDA:226,12,1,0
BRDA:238,13,0,0
BRDA:238,13,1,0
BRDA:242,14,0,0
BRDA:242,14,1,0
BRF:34
BRH:0
end_of_record
TN:
SF:src/screens/assessment/AssessmentIntroScreen.tsx
FN:9,(anonymous_0)
FN:18,(anonymous_1)
FN:21,(anonymous_2)
FN:28,(anonymous_3)
FN:41,(anonymous_4)
FNF:5
FNH:0
FNDA:0,(anonymous_0)
FNDA:0,(anonymous_1)
FNDA:0,(anonymous_2)
FNDA:0,(anonymous_3)
FNDA:0,(anonymous_4)
DA:9,0
DA:10,0
DA:11,0
DA:12,0
DA:14,0
DA:17,0
DA:18,0
[...]
DA:493,20
DA:494,20
DA:495,20
DA:496,20
DA:499,1
DA:500,1
DA:504,1
DA:505,1
DA:508,5
DA:509,5
DA:512,1
DA:513,1
DA:516,1
DA:517,1
DA:521,1
DA:522,1
DA:525,1
DA:526,1
DA:529,1
DA:530,1
DA:533,1
DA:536,1
DA:540,4
DA:541,4
DA:543,4
DA:544,300
DA:545,80
DA:548,4
DA:554,0
DA:555,0
DA:559,1
DA:560,1
DA:562,1
DA:564,1
DA:565,7
DA:573,1
DA:582,1
DA:585,1
DA:586,0
DA:593,1
DA:594,0
DA:604,1
DA:605,0
DA:612,1
DA:613,0
DA:623,1
DA:624,1
DA:633,1
DA:638,3
DA:639,3
DA:640,3
DA:644,1084
DA:645,3
DA:647,3
DA:648,1505
DA:649,21
DA:652,3
DA:656,3
DA:658,3
DA:659,21
DA:662,3
DA:666,3
DA:668,3
DA:669,21
DA:672,3
DA:677,1
DA:678,1
DA:680,1
DA:689,1
DA:690,1
DA:691,1
DA:693,1
DA:695,1
DA:699,1
DA:700,1
DA:701,1
DA:702,1
DA:703,1
DA:704,1
DA:705,0
DA:706,0
DA:707,0
DA:711,1
DA:712,1
DA:713,1
DA:714,1
DA:715,0
DA:716,0
DA:717,0
DA:718,0
DA:719,0
DA:723,3
DA:724,3
DA:725,3
DA:727,3
DA:728,19
DA:729,5
DA:730,5
DA:734,3
DA:738,0
DA:740,0
DA:741,0
DA:742,0
DA:743,0
DA:751,0
DA:752,0
DA:753,0
DA:756,0
DA:760,0
DA:766,0
DA:767,0
DA:768,0
DA:769,0
DA:770,0
DA:772,0
DA:773,0
DA:774,0
DA:777,0
DA:778,0
DA:779,0
DA:780,0
DA:783,0
DA:793,0
DA:794,0
DA:795,0
DA:796,0
DA:798,0
DA:799,0
DA:800,0
DA:802,0
DA:810,0
DA:814,0
DA:815,0
DA:816,0
DA:817,0
DA:818,0
DA:819,0
DA:821,0
DA:822,0
DA:823,0
DA:824,0
DA:825,0
DA:826,0
DA:827,0
DA:830,0
DA:841,1
LF:293
LH:211
BRDA:64,0,0,218
BRDA:64,0,1,218
BRDA:67,1,0,1
BRDA:67,1,1,3
BRDA:149,2,0,15
BRDA:149,2,1,15
BRDA:152,3,0,1
BRDA:152,3,1,0
BRDA:158,4,0,0
BRDA:158,4,1,1
BRDA:167,5,0,0
BRDA:167,5,1,1
BRDA:180,6,0,1
BRDA:180,6,1,1
BRDA:182,7,0,1
BRDA:182,7,1,1
BRDA:210,8,0,0
BRDA:210,8,1,2
BRDA:214,9,0,1
BRDA:214,9,1,1
BRDA:253,10,0,1
BRDA:253,10,1,1
BRDA:257,11,0,1
BRDA:257,11,1,0
BRDA:258,12,0,1
BRDA:258,12,1,0
BRDA:302,13,0,0
BRDA:302,13,1,0
BRDA:303,14,0,0
BRDA:303,14,1,0
BRDA:338,15,0,2
BRDA:338,15,1,1
BRDA:344,16,0,3
BRDA:344,16,1,0
BRDA:370,17,0,875
BRDA:370,17,1,83
BRDA:379,18,0,3
BRDA:379,18,1,0
BRDA:379,19,0,3
BRDA:379,19,1,0
BRDA:392,20,0,0
BRDA:392,20,1,0
BRDA:394,21,0,0
BRDA:394,21,1,0
BRDA:397,22,0,0
BRDA:397,22,1,0
BRDA:399,23,0,0
BRDA:399,23,1,0
BRDA:402,24,0,0
BRDA:402,24,1,0
BRDA:404,25,0,0
BRDA:404,25,1,0
BRDA:420,26,0,38
BRDA:420,26,1,0
BRDA:449,27,0,3
BRDA:449,27,1,0
BRDA:452,28,0,0
BRDA:452,28,1,3
BRDA:475,29,0,0
BRDA:475,29,1,0
BRDA:500,30,0,0
BRDA:500,30,1,1
BRDA:522,31,0,0
BRDA:522,31,1,1
BRDA:585,32,0,0
BRDA:585,32,1,1
BRDA:593,33,0,0
BRDA:593,33,1,1
BRDA:604,34,0,0
BRDA:604,34,1,1
BRDA:612,35,0,0
BRDA:612,35,1,1
BRDA:623,36,0,1
BRDA:623,36,1,0
BRDA:693,37,0,1
BRDA:693,37,1,0
BRDA:699,38,0,0
BRDA:699,38,1,1
BRDA:700,39,0,0
BRDA:700,39,1,1
BRDA:701,40,0,0
BRDA:701,40,1,1
BRDA:702,41,0,0
BRDA:702,41,1,1
BRDA:703,42,0,0
BRDA:703,42,1,1
BRDA:704,43,0,1
BRDA:704,43,1,0
BRDA:705,44,0,0
BRDA:705,44,1,0
BRDA:706,45,0,0
BRDA:706,45,1,0
BRDA:711,46,0,0
BRDA:711,46,1,1
BRDA:712,47,0,0
BRDA:712,47,1,1
BRDA:713,48,0,0
BRDA:713,48,1,1
BRDA:714,49,0,1
BRDA:714,49,1,0
BRDA:715,50,0,0
BRDA:715,50,1,0
BRDA:716,51,0,0
BRDA:716,51,1,0
BRDA:717,52,0,0
BRDA:717,52,1,0
BRDA:718,53,0,0
BRDA:718,53,1,0
BRDA:728,54,0,5
BRDA:728,54,1,14
BRDA:742,55,0,0
BRDA:742,55,1,0
BRDA:751,56,0,0
BRDA:751,56,1,0
BRDA:753,57,0,0
BRDA:753,57,1,0
BRDA:784,58,0,0
BRDA:784,58,1,0
BRDA:785,59,0,0
BRDA:785,59,1,0
BRDA:786,60,0,0
BRDA:786,60,1,0
BRDA:787,61,0,0
BRDA:787,61,1,0
BRDA:833,62,0,0
BRDA:833,62,1,0
BRDA:834,63,0,0
BRDA:834,63,1,0
BRDA:835,64,0,0
BRDA:835,64,1,0
BRDA:836,65,0,0
BRDA:836,65,1,0
BRF:132
BRH:50
end_of_record
TN:
SF:src/utils/twinWordplay.ts
FN:78,(anonymous_0)
FN:85,(anonymous_1)
FN:86,(anonymous_2)
FN:89,(anonymous_3)
FN:103,(anonymous_4)
FN:105,(anonymous_5)
FN:106,(anonymous_6)
FN:110,(anonymous_7)
FN:154,(anonymous_8)
FN:189,(anonymous_9)
FNF:10
FNH:0
FNDA:0,(anonymous_0)
FNDA:0,(anonymous_1)
FNDA:0,(anonymous_2)
FNDA:0,(anonymous_3)
FNDA:0,(anonymous_4)
FNDA:0,(anonymous_5)
FNDA:0,(anonymous_6)
FNDA:0,(anonymous_7)
FNDA:0,(anonymous_8)
FNDA:0,(anonymous_9)
DA:4,0
DA:79,0
DA:80,0
DA:86,0
DA:87,0
DA:88,0
DA:89,0
DA:92,0
DA:94,0
DA:95,0
DA:96,0
DA:98,0
DA:104,0
DA:105,0
DA:106,0
DA:111,0
DA:113,0
DA:122,0
DA:131,0
DA:140,0
DA:149,0
DA:155,0
DA:186,0
DA:190,0
DA:195,0
DA:226,0
LF:26
LH:0
BRDA:80,0,0,0
BRDA:80,0,1,0
BRDA:92,1,0,0
BRDA:92,1,1,0
BRDA:96,2,0,0
BRDA:96,2,1,0
BRDA:103,3,0,0
BRDA:111,4,0,0
BRDA:111,4,1,0
BRDA:111,4,2,0
BRDA:111,4,3,0
BRDA:111,4,4,0
BRDA:186,5,0,0
BRDA:186,5,1,0
BRF:14
BRH:0
end_of_record
TN:
SF:src/utils/zodiac.ts
FN:4,getZodiacSign
FN:32,(anonymous_1)
FN:35,(anonymous_2)
FN:48,(anonymous_3)
FNF:4
FNH:0
FNDA:0,getZodiacSign
FNDA:0,(anonymous_1)
FNDA:0,(anonymous_2)
FNDA:0,(anonymous_3)
DA:5,0
DA:6,0
DA:7,0
DA:8,0
DA:9,0
DA:10,0
DA:11,0
DA:12,0
DA:13,0
DA:14,0
DA:15,0
DA:16,0
DA:17,0
DA:32,0
DA:36,0
DA:37,0
DA:38,0
DA:40,0
DA:48,0
LF:19
LH:0
BRDA:5,0,0,0
BRDA:5,0,1,0
BRDA:5,1,0,0
BRDA:5,1,1,0
BRDA:5,1,2,0
BRDA:5,1,3,0
BRDA:6,2,0,0
BRDA:6,2,1,0
BRDA:6,3,0,0
BRDA:6,3,1,0
BRDA:6,3,2,0
BRDA:6,3,3,0
BRDA:7,4,0,0
BRDA:7,4,1,0
BRDA:7,5,0,0
BRDA:7,5,1,0
BRDA:7,5,2,0
BRDA:7,5,3,0
BRDA:8,6,0,0
BRDA:8,6,1,0
BRDA:8,7,0,0
BRDA:8,7,1,0
BRDA:8,7,2,0
BRDA:8,7,3,0
BRDA:9,8,0,0
BRDA:9,8,1,0
BRDA:9,9,0,0
BRDA:9,9,1,0
BRDA:9,9,2,0
BRDA:9,9,3,0
BRDA:10,10,0,0
BRDA:10,10,1,0
BRDA:10,11,0,0
BRDA:10,11,1,0
BRDA:10,11,2,0
BRDA:10,11,3,0
BRDA:11,12,0,0
BRDA:11,12,1,0
BRDA:11,13,0,0
BRDA:11,13,1,0
BRDA:11,13,2,0
BRDA:11,13,3,0
BRDA:12,14,0,0
BRDA:12,14,1,0
BRDA:12,15,0,0
BRDA:12,15,1,0
BRDA:12,15,2,0
BRDA:12,15,3,0
BRDA:13,16,0,0
BRDA:13,16,1,0
BRDA:13,17,0,0
BRDA:13,17,1,0
BRDA:13,17,2,0
BRDA:13,17,3,0
BRDA:14,18,0,0
BRDA:14,18,1,0
BRDA:14,19,0,0
BRDA:14,19,1,0
BRDA:14,19,2,0
BRDA:14,19,3,0
BRDA:15,20,0,0
BRDA:15,20,1,0
BRDA:15,21,0,0
BRDA:15,21,1,0
BRDA:15,21,2,0
BRDA:15,21,3,0
BRDA:16,22,0,0
BRDA:16,22,1,0
BRDA:16,23,0,0
BRDA:16,23,1,0
BRDA:16,23,2,0
BRDA:16,23,3,0
BRF:72
BRH:0
end_of_record
TN:
SF:src/utils/analytics/pairAnalytics.ts
FN:21,analyzeTwinCompatibility
FN:52,calculateCompatibilityScore
FN:71,calculateSubscaleCompatibility
FN:75,(anonymous_3)
FN:76,(anonymous_4)
FN:107,calculateCompositeCompatibility
FN:125,identifySharedStrengths
FN:142,(anonymous_7)
FN:143,(anonymous_8)
FN:166,identifyComplementaryAreas
FN:172,(anonymous_10)
FN:173,(anonymous_11)
FN:207,identifyConcernAreas
FN:213,(anonymous_13)
FN:214,(anonymous_14)
FN:253,generatePairGrowthRecommendations
FN:310,(anonymous_16)
FN:324,isPrivacyPreserved
FN:352,anonymizeResults
FN:367,getCategoryWeight
FN:388,isScoreComplementary
FN:403,formatCategoryName
FN:423,extractCategoryFromDescription
FNF:23
FNH:0
FNDA:0,analyzeTwinCompatibility
FNDA:0,calculateCompatibilityScore
FNDA:0,calculateSubscaleCompatibility
FNDA:0,(anonymous_3)
FNDA:0,(anonymous_4)
FNDA:0,calculateCompositeCompatibility
FNDA:0,identifySharedStrengths
FNDA:0,(anonymous_7)
FNDA:0,(anonymous_8)
FNDA:0,identifyComplementaryAreas
FNDA:0,(anonymous_10)
FNDA:0,(anonymous_11)
FNDA:0,identifyConcernAreas
FNDA:0,(anonymous_13)
FNDA:0,(anonymous_14)
FNDA:0,generatePairGrowthRecommendations
FNDA:0,(anonymous_16)
FNDA:0,isPrivacyPreserved
FNDA:0,anonymizeResults
FNDA:0,getCategoryWeight
FNDA:0,isScoreComplementary
FNDA:0,formatCategoryName
FNDA:0,extractCategoryFromDescription
DA:26,0
DA:27,0
DA:30,0
DA:31,0
DA:32,0
DA:33,0
DA:35,0
DA:56,0
DA:57,0
DA:60,0
DA:62,0
DA:75,0
DA:76,0
DA:78,0
DA:79,0
DA:81,0
DA:82,0
DA:83,0
DA:85,0
DA:88,0
DA:89,0
DA:92,0
DA:93,0
DA:94,0
DA:98,0
DA:111,0
DA:112,0
DA:113,0
DA:116,0
DA:129,0
DA:131,0
DA:132,0
DA:135,0
DA:136,0
DA:137,0
DA:142,0
DA:143,0
DA:145,0
DA:146,0
DA:147,0
DA:150,0
DA:151,0
DA:152,0
DA:157,0
DA:170,0
DA:172,0
DA:173,0
DA:176,0
DA:177,0
DA:178,0
DA:179,0
DA:180,0
DA:181,0
DA:189,0
DA:190,0
DA:191,0
DA:192,0
DA:194,0
DA:195,0
DA:198,0
DA:211,0
DA:213,0
DA:214,0
DA:217,0
DA:218,0
DA:219,0
DA:222,0
DA:227,0
DA:228,0
DA:229,0
DA:230,0
DA:231,0
DA:232,0
DA:240,0
DA:241,0
DA:242,0
DA:245,0
DA:264,0
DA:267,0
DA:268,0
DA:269,0
DA:283,0
DA:284,0
DA:297,0
DA:298,0
DA:310,0
DA:311,0
DA:312,0
DA:329,0
DA:331,0
DA:335,0
DA:336,0
DA:340,0
DA:341,0
DA:344,0
DA:353,0
DA:368,0
DA:379,0
DA:389,0
DA:390,0
DA:391,0
DA:392,0
DA:394,0
DA:404,0
DA:415,0
DA:425,0
DA:426,0
DA:427,0
DA:428,0
LF:109
LH:0
BRDA:26,0,0,0
BRDA:26,0,1,0
BRDA:85,1,0,0
BRDA:85,1,1,0
BRDA:98,2,0,0
BRDA:98,2,1,0
BRDA:136,3,0,0
BRDA:136,3,1,0
BRDA:147,4,0,0
BRDA:147,4,1,0
BRDA:147,5,0,0
BRDA:147,5,1,0
BRDA:147,5,2,0
BRDA:147,5,3,0
BRDA:147,5,4,0
BRDA:151,6,0,0
BRDA:151,6,1,0
BRDA:178,7,0,0
BRDA:178,7,1,0
BRDA:180,8,0,0
BRDA:180,8,1,0
BRDA:189,9,0,0
BRDA:189,9,1,0
BRDA:190,10,0,0
BRDA:190,10,1,0
BRDA:191,11,0,0
BRDA:191,11,1,0
BRDA:192,12,0,0
BRDA:192,12,1,0
BRDA:194,13,0,0
BRDA:194,13,1,0
BRDA:194,14,0,0
BRDA:194,14,1,0
BRDA:219,15,0,0
BRDA:219,15,1,0
BRDA:219,16,0,0
BRDA:219,16,1,0
BRDA:219,16,2,0
BRDA:219,16,3,0
BRDA:219,16,4,0
BRDA:229,17,0,0
BRDA:229,17,1,0
BRDA:231,18,0,0
BRDA:231,18,1,0
BRDA:241,19,0,0
BRDA:241,19,1,0
BRDA:268,20,0,0
BRDA:268,20,1,0
BRDA:329,21,0,0
BRDA:329,21,1,0
BRDA:329,22,0,0
BRDA:329,22,1,0
BRDA:329,22,2,0
BRDA:329,22,3,0
BRDA:335,23,0,0
BRDA:335,23,1,0
BRDA:340,24,0,0
BRDA:340,24,1,0
BRDA:340,25,0,0
BRDA:340,25,1,0
BRDA:379,26,0,0
BRDA:379,26,1,0
BRDA:389,27,0,0
BRDA:389,27,1,0
BRDA:390,28,0,0
BRDA:390,28,1,0
BRDA:391,29,0,0
BRDA:391,29,1,0
BRDA:392,30,0,0
BRDA:392,30,1,0
BRDA:394,31,0,0
BRDA:394,31,1,0
BRDA:394,31,2,0
BRDA:394,31,3,0
BRDA:394,31,4,0
BRDA:394,31,5,0
BRDA:415,32,0,0
BRDA:415,32,1,0
BRDA:425,33,0,0
BRDA:425,33,1,0
BRDA:426,34,0,0
BRDA:426,34,1,0
BRDA:427,35,0,0
BRDA:427,35,1,0
BRF:84
BRH:0
end_of_record
TN:
SF:src/utils/assessment/assessmentStore.ts
FN:61,(anonymous_0)
FN:74,(anonymous_1)
FN:96,(anonymous_2)
FN:111,(anonymous_3)
FN:127,(anonymous_4)
FN:131,(anonymous_5)
FN:146,(anonymous_6)
FN:177,(anonymous_7)
FN:182,(anonymous_8)
FN:189,(anonymous_9)
FN:209,(anonymous_10)
FN:233,(anonymous_11)
FN:245,(anonymous_12)
FN:263,(anonymous_13)
FN:273,(anonymous_14)
FN:285,(anonymous_15)
FN:286,(anonymous_16)
FN:291,(anonymous_17)
FN:292,(anonymous_18)
FN:304,(anonymous_19)
FN:318,(anonymous_20)
FN:320,(anonymous_21)
FN:322,(anonymous_22)
FN:335,(anonymous_23)
FN:336,(anonymous_24)
FN:342,(anonymous_25)
FN:342,(anonymous_26)
FN:365,(anonymous_27)
FN:376,(anonymous_28)
FNF:29
FNH:0
FNDA:0,(anonymous_0)
FNDA:0,(anonymous_1)
FNDA:0,(anonymous_2)
FNDA:0,(anonymous_3)
FNDA:0,(anonymous_4)
FNDA:0,(anonymous_5)
FNDA:0,(anonymous_6)
FNDA:0,(anonymous_7)
FNDA:0,(anonymous_8)
FNDA:0,(anonymous_9)
FNDA:0,(anonymous_10)
FNDA:0,(anonymous_11)
FNDA:0,(anonymous_12)
FNDA:0,(anonymous_13)
FNDA:0,(anonymous_14)
FNDA:0,(anonymous_15)
FNDA:0,(anonymous_16)
FNDA:0,(anonymous_17)
FNDA:0,(anonymous_18)
FNDA:0,(anonymous_19)
FNDA:0,(anonymous_20)
FNDA:0,(anonymous_21)
FNDA:0,(anonymous_22)
FNDA:0,(anonymous_23)
FNDA:0,(anonymous_24)
FNDA:0,(anonymous_25)
FNDA:0,(anonymous_26)
FNDA:0,(anonymous_27)
FNDA:0,(anonymous_28)
DA:59,0
DA:61,0
DA:75,0
DA:85,0
DA:93,0
DA:97,0
DA:98,0
DA:99,0
DA:102,0
DA:110,0
DA:111,0
DA:115,0
DA:120,0
DA:126,0
DA:127,0
DA:132,0
DA:133,0
DA:135,0
DA:140,0
DA:147,0
DA:148,0
DA:149,0
DA:153,0
DA:154,0
DA:155,0
DA:158,0
DA:165,0
DA:174,0
DA:178,0
DA:179,0
DA:183,0
DA:184,0
DA:185,0
DA:190,0
DA:191,0
DA:193,0
DA:199,0
DA:210,0
DA:211,0
DA:212,0
DA:221,0
DA:224,0
DA:229,0
DA:230,0
DA:234,0
DA:235,0
DA:242,0
DA:246,0
DA:247,0
DA:249,0
DA:250,0
DA:251,0
DA:256,0
DA:258,0
DA:259,0
DA:264,0
DA:265,0
DA:274,0
DA:275,0
DA:278,0
DA:279,0
DA:282,0
DA:286,0
DA:292,0
DA:297,0
DA:299,0
DA:300,0
DA:305,0
DA:318,0
DA:320,0
DA:323,0
DA:324,0
DA:327,0
DA:330,0
DA:335,0
DA:336,0
DA:342,0
DA:344,0
DA:346,0
DA:347,0
DA:348,0
DA:351,0
DA:352,0
DA:361,0
DA:366,0
DA:367,0
DA:368,0
DA:370,0
DA:377,0
DA:378,0
DA:379,0
LF:91
LH:0
BRDA:98,0,0,0
BRDA:98,0,1,0
BRDA:98,1,0,0
BRDA:98,1,1,0
BRDA:126,2,0,0
BRDA:126,2,1,0
BRDA:133,3,0,0
BRDA:133,3,1,0
BRDA:148,4,0,0
BRDA:148,4,1,0
BRDA:148,5,0,0
BRDA:148,5,1,0
BRDA:154,6,0,0
BRDA:154,6,1,0
BRDA:184,7,0,0
BRDA:184,7,1,0
BRDA:184,8,0,0
BRDA:184,8,1,0
BRDA:191,9,0,0
BRDA:191,9,1,0
BRDA:211,10,0,0
BRDA:211,10,1,0
BRDA:247,11,0,0
BRDA:247,11,1,0
BRDA:253,12,0,0
BRDA:253,12,1,0
BRDA:254,13,0,0
BRDA:254,13,1,0
BRDA:278,14,0,0
BRDA:278,14,1,0
BRDA:278,15,0,0
BRDA:278,15,1,0
BRDA:291,16,0,0
BRDA:291,16,1,0
BRDA:324,17,0,0
BRDA:324,17,1,0
BRDA:324,18,0,0
BRDA:324,18,1,0
BRDA:344,19,0,0
BRDA:344,19,1,0
BRDA:344,20,0,0
BRDA:344,20,1,0
BRDA:347,21,0,0
BRDA:347,21,1,0
BRDA:351,22,0,0
BRDA:351,22,1,0
BRDA:367,23,0,0
BRDA:367,23,1,0
BRDA:367,24,0,0
BRDA:367,24,1,0
BRDA:367,24,2,0
BRDA:376,25,0,0
BRF:52
BRH:0
end_of_record
TN:
SF:src/utils/assessment/scoringAlgorithms.ts
FN:23,likertToNormalizedScore
FN:42,reverseScore
FN:55,calculateMeanScore
FN:83,calculateSubscaleScore
FN:128,calculateCompositeIndices
FN:129,(anonymous_5)
FN:179,validateAssessmentResponses
FN:188,(anonymous_7)
FN:214,(anonymous_8)
FN:232,calculateReliabilityMetrics
FN:234,(anonymous_10)
FN:238,(anonymous_11)
FN:257,calculateCronbachAlpha
FN:260,(anonymous_13)
FN:282,calculateStandardDeviation
FN:292,calculateVariance
FN:296,(anonymous_16)
FN:297,(anonymous_17)
FN:305,mean
FN:306,(anonymous_19)
FN:314,normalCDF
FN:328,getScoreInterpretation
FN:344,calculatePercentileRank
FN:348,(anonymous_23)
FNF:24
FNH:24
FNDA:617,likertToNormalizedScore
FNDA:217,reverseScore
FNDA:215,calculateMeanScore
FNDA:6,calculateSubscaleScore
FNDA:6,calculateCompositeIndices
FNDA:20,(anonymous_5)
FNDA:8,validateAssessmentResponses
FNDA:1028,(anonymous_7)
FNDA:1028,(anonymous_8)
FNDA:16,calculateReliabilityMetrics
FNDA:2021,(anonymous_10)
FNDA:2021,(anonymous_11)
FNDA:21,calculateCronbachAlpha
FNDA:2039,(anonymous_13)
FNDA:16,calculateStandardDeviation
FNDA:53,calculateVariance
FNDA:6090,(anonymous_16)
FNDA:6090,(anonymous_17)
FNDA:70,mean
FNDA:8120,(anonymous_19)
FNDA:5,normalCDF
FNDA:5,getScoreInterpretation
FNDA:108,calculatePercentileRank
FNDA:609,(anonymous_23)
DA:27,617
DA:28,3
DA:31,614
DA:34,614
DA:43,217
DA:44,2
DA:46,215
DA:59,215
DA:60,1
DA:63,214
DA:64,214
DA:66,214
DA:67,3607
DA:68,3607
DA:69,3607
DA:72,214
DA:89,6
DA:90,1
DA:94,5
DA:95,5
DA:96,19
DA:97,19
DA:100,5
DA:101,5
DA:104,5
DA:105,5
DA:108,5
DA:111,5
DA:113,5
DA:129,20
DA:132,6
DA:139,6
DA:140,6
DA:141,6
DA:144,6
DA:155,6
DA:156,6
DA:158,6
DA:159,48
DA:160,48
DA:161,20
DA:162,20
DA:166,6
DA:183,8
DA:184,8
DA:185,8
DA:188,1028
DA:189,8
DA:190,29
DA:191,1
DA:196,8
DA:198,1028
DA:199,2
DA:203,1028
DA:204,10
DA:208,1028
DA:209,1
DA:214,1028
DA:215,8
DA:216,2
DA:219,8
DA:233,16
DA:234,2021
DA:237,16
DA:238,2021
DA:240,16
DA:258,21
DA:260,2039
DA:261,20
DA:262,20
DA:264,20
DA:269,17
DA:270,17
DA:273,17
DA:274,17
DA:283,16
DA:284,16
DA:293,53
DA:295,53
DA:296,6090
DA:297,6090
DA:306,8120
DA:316,5
DA:317,5
DA:318,5
DA:320,5
DA:329,5
DA:330,5
DA:331,3
DA:332,3
DA:333,1
DA:334,1
DA:335,1
DA:345,108
DA:346,107
DA:348,609
DA:352,97
DA:354,97
LF:98
LH:98
BRDA:25,0,0,3
BRDA:27,1,0,3
BRDA:27,1,1,614
BRDA:27,2,0,617
BRDA:27,2,1,615
BRDA:31,3,0,260
BRDA:31,3,1,354
BRDA:43,4,0,2
BRDA:43,4,1,215
BRDA:43,5,0,217
BRDA:43,5,1,216
BRDA:59,6,0,1
BRDA:59,6,1,214
BRDA:67,7,0,3607
BRDA:67,7,1,3604
BRDA:86,8,0,3
BRDA:87,9,0,5
BRDA:89,10,0,1
BRDA:89,10,1,5
BRDA:97,11,0,3
BRDA:97,11,1,16
BRDA:133,12,0,6
BRDA:133,12,1,1
BRDA:134,13,0,6
BRDA:134,13,1,3
BRDA:135,14,0,6
BRDA:135,14,1,4
BRDA:139,15,0,6
BRDA:139,15,1,3
BRDA:140,16,0,6
BRDA:140,16,1,3
BRDA:160,17,0,20
BRDA:160,17,1,28
BRDA:190,18,0,1
BRDA:190,18,1,28
BRDA:198,19,0,2
BRDA:198,19,1,1026
BRDA:198,20,0,1028
BRDA:198,20,1,1027
BRDA:203,21,0,10
BRDA:203,21,1,1018
BRDA:203,22,0,1028
BRDA:203,22,1,1025
BRDA:208,23,0,1
BRDA:208,23,1,1027
BRDA:215,24,0,2
BRDA:215,24,1,6
BRDA:215,25,0,8
BRDA:215,25,1,3
BRDA:220,26,0,8
BRDA:220,26,1,6
BRDA:258,27,0,1
BRDA:258,27,1,20
BRDA:264,28,0,3
BRDA:264,28,1,17
BRDA:274,29,0,0
BRDA:274,29,1,17
BRDA:293,30,0,0
BRDA:293,30,1,53
BRDA:320,31,0,3
BRDA:320,31,1,2
BRDA:329,32,0,0
BRDA:329,32,1,5
BRDA:330,33,0,2
BRDA:330,33,1,3
BRDA:331,34,0,0
BRDA:331,34,1,3
BRDA:332,35,0,2
BRDA:332,35,1,1
BRDA:333,36,0,0
BRDA:333,36,1,1
BRDA:334,37,0,0
BRDA:334,37,1,1
BRDA:345,38,0,1
BRDA:345,38,1,107
BRDA:346,39,0,10
BRDA:346,39,1,97
BRF:77
BRH:71
end_of_record
TN:
SF:src/utils/assessment/types.ts
FNF:0
FNH:0
LF:0
LH:0
BRF:0
BRH:0
end_of_record
TN:
SF:src/utils/encryption/dataPrivacy.ts
FN:80,(anonymous_0)
FN:98,(anonymous_1)
FN:104,(anonymous_2)
FN:142,(anonymous_3)
FN:181,(anonymous_4)
FN:196,(anonymous_5)
FN:207,(anonymous_6)
FN:248,(anonymous_7)
FN:274,(anonymous_8)
FN:297,(anonymous_9)
FN:335,(anonymous_10)
FN:374,(anonymous_11)
FN:425,(anonymous_12)
FN:451,(anonymous_13)
FN:497,(anonymous_14)
FN:517,(anonymous_15)
FN:521,(anonymous_16)
FN:540,(anonymous_17)
FN:554,(anonymous_18)
FN:559,(anonymous_19)
FN:560,(anonymous_20)
FN:567,(anonymous_21)
FN:568,(anonymous_22)
FN:574,(anonymous_23)
FN:592,(anonymous_24)
FN:600,(anonymous_25)
FN:613,(anonymous_26)
FN:628,(anonymous_27)
FN:633,(anonymous_28)
FN:638,(anonymous_29)
FN:643,(anonymous_30)
FN:648,(anonymous_31)
FN:675,initializePrivacyCompliance
FN:685,(anonymous_33)
FN:693,validateProcessingLegality
FNF:35
FNH:0
FNDA:0,(anonymous_0)
FNDA:0,(anonymous_1)
FNDA:0,(anonymous_2)
FNDA:0,(anonymous_3)
FNDA:0,(anonymous_4)
FNDA:0,(anonymous_5)
FNDA:0,(anonymous_6)
FNDA:0,(anonymous_7)
FNDA:0,(anonymous_8)
FNDA:0,(anonymous_9)
FNDA:0,(anonymous_10)
FNDA:0,(anonymous_11)
FNDA:0,(anonymous_12)
FNDA:0,(anonymous_13)
FNDA:0,(anonymous_14)
FNDA:0,(anonymous_15)
FNDA:0,(anonymous_16)
FNDA:0,(anonymous_17)
FNDA:0,(anonymous_18)
FNDA:0,(anonymous_19)
FNDA:0,(anonymous_20)
FNDA:0,(anonymous_21)
FNDA:0,(anonymous_22)
FNDA:0,(anonymous_23)
FNDA:0,(anonymous_24)
FNDA:0,(anonymous_25)
FNDA:0,(anonymous_26)
FNDA:0,(anonymous_27)
FNDA:0,(anonymous_28)
FNDA:0,(anonymous_29)
FNDA:0,(anonymous_30)
FNDA:0,(anonymous_31)
FNDA:0,initializePrivacyCompliance
FNDA:0,(anonymous_33)
FNDA:0,validateProcessingLegality
DA:74,0
DA:75,0
DA:81,0
DA:103,0
DA:104,0
DA:105,0
DA:108,0
DA:109,0
DA:117,0
DA:121,0
DA:125,0
DA:126,0
DA:136,0
DA:149,0
DA:161,0
DA:162,0
DA:163,0
DA:166,0
DA:168,0
DA:185,0
DA:188,0
DA:189,0
DA:200,0
DA:207,0
DA:233,0
DA:242,0
DA:264,0
DA:265,0
DA:266,0
DA:269,0
DA:274,0
DA:282,0
DA:291,0
DA:301,0
DA:303,0
DA:304,0
DA:307,0
DA:308,0
DA:311,0
DA:312,0
DA:315,0
DA:317,0
DA:327,0
DA:328,0
DA:343,0
DA:344,0
DA:347,0
DA:349,0
DA:350,0
DA:351,0
DA:352,0
DA:353,0
DA:355,0
DA:356,0
DA:365,0
DA:386,0
DA:425,0
DA:426,0
DA:428,0
DA:429,0
DA:430,0
DA:432,0
DA:440,0
DA:452,0
DA:500,0
DA:506,0
DA:509,0
DA:510,0
DA:514,0
DA:518,0
DA:525,0
DA:527,0
DA:530,0
DA:533,0
DA:536,0
DA:544,0
DA:546,0
DA:548,0
DA:550,0
DA:555,0
DA:556,0
DA:560,0
DA:561,0
DA:568,0
DA:569,0
DA:576,0
DA:578,0
DA:579,0
DA:580,0
DA:582,0
DA:583,0
DA:584,0
DA:587,0
DA:594,0
DA:596,0
DA:597,0
DA:598,0
DA:600,0
DA:602,0
DA:603,0
DA:606,0
DA:607,0
DA:615,0
DA:616,0
DA:618,0
DA:619,0
DA:620,0
DA:621,0
DA:625,0
DA:630,0
DA:635,0
DA:640,0
DA:645,0
DA:649,0
DA:651,0
DA:653,0
DA:655,0
DA:657,0
DA:659,0
DA:665,0
DA:677,0
DA:679,0
DA:680,0
DA:685,0
DA:686,0
DA:702,0
DA:704,0
LF:127
LH:0
BRDA:103,0,0,0
BRDA:103,0,1,0
BRDA:105,1,0,0
BRDA:105,1,1,0
BRDA:108,2,0,0
BRDA:108,2,1,0
BRDA:121,3,0,0
BRDA:121,3,1,0
BRDA:121,3,2,0
BRDA:125,4,0,0
BRDA:125,4,1,0
BRDA:146,5,0,0
BRDA:158,6,0,0
BRDA:158,6,1,0
BRDA:161,7,0,0
BRDA:161,7,1,0
BRDA:169,8,0,0
BRDA:169,8,1,0
BRDA:188,9,0,0
BRDA:188,9,1,0
BRDA:198,10,0,0
BRDA:214,11,0,0
BRDA:214,11,1,0
BRDA:250,12,0,0
BRDA:265,13,0,0
BRDA:265,13,1,0
BRDA:272,14,0,0
BRDA:272,14,1,0
BRDA:273,15,0,0
BRDA:273,15,1,0
BRDA:351,16,0,0
BRDA:351,16,1,0
BRDA:351,17,0,0
BRDA:351,17,1,0
BRDA:355,18,0,0
BRDA:355,18,1,0
BRDA:429,19,0,0
BRDA:429,19,1,0
BRDA:430,20,0,0
BRDA:430,20,1,0
BRDA:509,21,0,0
BRDA:509,21,1,0
BRDA:527,22,0,0
BRDA:527,22,1,0
BRDA:527,22,2,0
BRDA:544,23,0,0
BRDA:544,23,1,0
BRDA:544,23,2,0
BRDA:580,24,0,0
BRDA:580,24,1,0
BRDA:580,25,0,0
BRDA:580,25,1,0
BRDA:580,25,2,0
BRDA:598,26,0,0
BRDA:598,26,1,0
BRDA:598,27,0,0
BRDA:598,27,1,0
BRDA:598,27,2,0
BRDA:602,28,0,0
BRDA:602,28,1,0
BRDA:620,29,0,0
BRDA:620,29,1,0
BRDA:651,30,0,0
BRDA:651,30,1,0
BRDA:651,30,2,0
BRDA:651,30,3,0
BRDA:679,31,0,0
BRDA:679,31,1,0
BRDA:706,32,0,0
BRDA:706,32,1,0
BRDA:707,33,0,0
BRDA:707,33,1,0
BRF:72
BRH:0
end_of_record
